Copyright 1986-2022 Xilinx, Inc. All Rights Reserved. Copyright 2022-2023 Advanced Micro Devices, Inc. All Rights Reserved.
------------------------------------------------------------------------------------------------------------------------------------------------------------------------------------------------------------------
| Tool Version : Vivado v.2023.1 (win64) Build 3865809 Sun May  7 15:05:29 MDT 2023
| Date         : Sat Sep 16 18:10:11 2023
| Host         : BAYERNchampions running 64-bit major release  (build 9200)
| Command      : report_timing_summary -max_paths 10 -report_unconstrained -file mux4to1_timing_summary_routed.rpt -pb mux4to1_timing_summary_routed.pb -rpx mux4to1_timing_summary_routed.rpx -warn_on_violation
| Design       : mux4to1
| Device       : 7s75-fgga484
| Speed File   : -1  PRODUCTION 1.23 2018-06-13
| Design State : Routed
------------------------------------------------------------------------------------------------------------------------------------------------------------------------------------------------------------------

Timing Summary Report

------------------------------------------------------------------------------------------------
| Timer Settings
| --------------
------------------------------------------------------------------------------------------------

  Enable Multi Corner Analysis               :  Yes
  Enable Pessimism Removal                   :  Yes
  Pessimism Removal Resolution               :  Nearest Common Node
  Enable Input Delay Default Clock           :  No
  Enable Preset / Clear Arcs                 :  No
  Disable Flight Delays                      :  No
  Ignore I/O Paths                           :  No
  Timing Early Launch at Borrowing Latches   :  No
  Borrow Time for Max Delay Exceptions       :  Yes
  Merge Timing Exceptions                    :  Yes

  Corner  Analyze    Analyze    
  Name    Max Paths  Min Paths  
  ------  ---------  ---------  
  Slow    Yes        Yes        
  Fast    Yes        Yes        


------------------------------------------------------------------------------------------------
| Report Methodology
| ------------------
------------------------------------------------------------------------------------------------

No report available as report_methodology has not been run prior. Run report_methodology on the current design for the summary of methodology violations.



check_timing report

Table of Contents
-----------------
1. checking no_clock (0)
2. checking constant_clock (0)
3. checking pulse_width_clock (0)
4. checking unconstrained_internal_endpoints (0)
5. checking no_input_delay (0)
6. checking no_output_delay (0)
7. checking multiple_clock (0)
8. checking generated_clocks (0)
9. checking loops (0)
10. checking partial_input_delay (0)
11. checking partial_output_delay (0)
12. checking latch_loops (0)

1. checking no_clock (0)
------------------------
 There are 0 register/latch pins with no clock.


2. checking constant_clock (0)
------------------------------
 There are 0 register/latch pins with constant_clock.


3. checking pulse_width_clock (0)
---------------------------------
 There are 0 register/latch pins which need pulse_width check


4. checking unconstrained_internal_endpoints (0)
------------------------------------------------
 There are 0 pins that are not constrained for maximum delay.

 There are 0 pins that are not constrained for maximum delay due to constant clock.


5. checking no_input_delay (0)
------------------------------
 There are 0 input ports with no input delay specified.

 There are 0 input ports with no input delay but user has a false path constraint.


6. checking no_output_delay (0)
-------------------------------
 There are 0 ports with no output delay specified.

 There are 0 ports with no output delay but user has a false path constraint

 There are 0 ports with no output delay but with a timing clock defined on it or propagating through it


7. checking multiple_clock (0)
------------------------------
 There are 0 register/latch pins with multiple clocks.


8. checking generated_clocks (0)
--------------------------------
 There are 0 generated clocks that are not connected to a clock source.


9. checking loops (0)
---------------------
 There are 0 combinational loops in the design.


10. checking partial_input_delay (0)
------------------------------------
 There are 0 input ports with partial input delay specified.


11. checking partial_output_delay (0)
-------------------------------------
 There are 0 ports with partial output delay specified.


12. checking latch_loops (0)
----------------------------
 There are 0 combinational latch loops in the design through latch input



------------------------------------------------------------------------------------------------
| Design Timing Summary
| ---------------------
------------------------------------------------------------------------------------------------

    WNS(ns)      TNS(ns)  TNS Failing Endpoints  TNS Total Endpoints      WHS(ns)      THS(ns)  THS Failing Endpoints  THS Total Endpoints     WPWS(ns)     TPWS(ns)  TPWS Failing Endpoints  TPWS Total Endpoints  
    -------      -------  ---------------------  -------------------      -------      -------  ---------------------  -------------------     --------     --------  ----------------------  --------------------  
        inf        0.000                      0                    2          inf        0.000                      0                    2           NA           NA                      NA                    NA  


There are no user specified timing constraints.


------------------------------------------------------------------------------------------------
| Clock Summary
| -------------
------------------------------------------------------------------------------------------------


------------------------------------------------------------------------------------------------
| Intra Clock Table
| -----------------
------------------------------------------------------------------------------------------------

Clock             WNS(ns)      TNS(ns)  TNS Failing Endpoints  TNS Total Endpoints      WHS(ns)      THS(ns)  THS Failing Endpoints  THS Total Endpoints     WPWS(ns)     TPWS(ns)  TPWS Failing Endpoints  TPWS Total Endpoints  
-----             -------      -------  ---------------------  -------------------      -------      -------  ---------------------  -------------------     --------     --------  ----------------------  --------------------  


------------------------------------------------------------------------------------------------
| Inter Clock Table
| -----------------
------------------------------------------------------------------------------------------------

From Clock    To Clock          WNS(ns)      TNS(ns)  TNS Failing Endpoints  TNS Total Endpoints      WHS(ns)      THS(ns)  THS Failing Endpoints  THS Total Endpoints  
----------    --------          -------      -------  ---------------------  -------------------      -------      -------  ---------------------  -------------------  


------------------------------------------------------------------------------------------------
| Other Path Groups Table
| -----------------------
------------------------------------------------------------------------------------------------

Path Group    From Clock    To Clock          WNS(ns)      TNS(ns)  TNS Failing Endpoints  TNS Total Endpoints      WHS(ns)      THS(ns)  THS Failing Endpoints  THS Total Endpoints  
----------    ----------    --------          -------      -------  ---------------------  -------------------      -------      -------  ---------------------  -------------------  


------------------------------------------------------------------------------------------------
| User Ignored Path Table
| -----------------------
------------------------------------------------------------------------------------------------

Path Group    From Clock    To Clock    
----------    ----------    --------    


------------------------------------------------------------------------------------------------
| Unconstrained Path Table
| ------------------------
------------------------------------------------------------------------------------------------

Path Group    From Clock    To Clock    
----------    ----------    --------    
(none)                                    


------------------------------------------------------------------------------------------------
| Timing Details
| --------------
------------------------------------------------------------------------------------------------


--------------------------------------------------------------------------------------
Path Group:  (none)
From Clock:  
  To Clock:  

Max Delay             2 Endpoints
Min Delay             2 Endpoints
--------------------------------------------------------------------------------------


Max Delay Paths
--------------------------------------------------------------------------------------
Slack:                    inf
  Source:                 x
                            (input port)
  Destination:            outcome[0]
                            (output port)
  Path Group:             (none)
  Path Type:              Max at Slow Process Corner
  Data Path Delay:        10.742ns  (logic 5.135ns (47.802%)  route 5.607ns (52.198%))
  Logic Levels:           3  (IBUF=1 LUT6=1 OBUF=1)

    Location             Delay type                Incr(ns)  Path(ns)    Netlist Resource(s)
  -------------------------------------------------------------------    -------------------
    K4                                                0.000     0.000 r  x (IN)
                         net (fo=0)                   0.000     0.000    x
    K4                   IBUF (Prop_ibuf_I_O)         1.468     1.468 r  x_IBUF_inst/O
                         net (fo=2, routed)           2.986     4.455    x_IBUF
    SLICE_X85Y85         LUT6 (Prop_lut6_I3_O)        0.124     4.579 r  outcome_OBUF[0]_inst_i_1/O
                         net (fo=1, routed)           2.621     7.200    outcome_OBUF[0]
    M2                   OBUF (Prop_obuf_I_O)         3.543    10.742 r  outcome_OBUF[0]_inst/O
                         net (fo=0)                   0.000    10.742    outcome[0]
    M2                                                                r  outcome[0] (OUT)
  -------------------------------------------------------------------    -------------------

Slack:                    inf
  Source:                 x
                            (input port)
  Destination:            outcome[1]
                            (output port)
  Path Group:             (none)
  Path Type:              Max at Slow Process Corner
  Data Path Delay:        10.571ns  (logic 5.120ns (48.433%)  route 5.451ns (51.567%))
  Logic Levels:           3  (IBUF=1 LUT6=1 OBUF=1)

    Location             Delay type                Incr(ns)  Path(ns)    Netlist Resource(s)
  -------------------------------------------------------------------    -------------------
    K4                                                0.000     0.000 r  x (IN)
                         net (fo=0)                   0.000     0.000    x
    K4                   IBUF (Prop_ibuf_I_O)         1.468     1.468 r  x_IBUF_inst/O
                         net (fo=2, routed)           2.640     4.108    x_IBUF
    SLICE_X85Y93         LUT6 (Prop_lut6_I3_O)        0.124     4.232 r  outcome_OBUF[1]_inst_i_1/O
                         net (fo=1, routed)           2.811     7.043    outcome_OBUF[1]
    L4                   OBUF (Prop_obuf_I_O)         3.527    10.571 r  outcome_OBUF[1]_inst/O
                         net (fo=0)                   0.000    10.571    outcome[1]
    L4                                                                r  outcome[1] (OUT)
  -------------------------------------------------------------------    -------------------





Min Delay Paths
--------------------------------------------------------------------------------------
Slack:                    inf
  Source:                 I2[0]
                            (input port)
  Destination:            outcome[0]
                            (output port)
  Path Group:             (none)
  Path Type:              Min at Fast Process Corner
  Data Path Delay:        2.657ns  (logic 1.570ns (59.081%)  route 1.087ns (40.919%))
  Logic Levels:           3  (IBUF=1 LUT6=1 OBUF=1)

    Location             Delay type                Incr(ns)  Path(ns)    Netlist Resource(s)
  -------------------------------------------------------------------    -------------------
    W1                                                0.000     0.000 r  I2[0] (IN)
                         net (fo=0)                   0.000     0.000    I2[0]
    W1                   IBUF (Prop_ibuf_I_O)         0.281     0.281 r  I2_IBUF[0]_inst/O
                         net (fo=1, routed)           0.375     0.656    I2_IBUF[0]
    SLICE_X85Y85         LUT6 (Prop_lut6_I5_O)        0.045     0.701 r  outcome_OBUF[0]_inst_i_1/O
                         net (fo=1, routed)           0.712     1.413    outcome_OBUF[0]
    M2                   OBUF (Prop_obuf_I_O)         1.243     2.657 r  outcome_OBUF[0]_inst/O
                         net (fo=0)                   0.000     2.657    outcome[0]
    M2                                                                r  outcome[0] (OUT)
  -------------------------------------------------------------------    -------------------

Slack:                    inf
  Source:                 I3[1]
                            (input port)
  Destination:            outcome[1]
                            (output port)
  Path Group:             (none)
  Path Type:              Min at Fast Process Corner
  Data Path Delay:        2.700ns  (logic 1.569ns (58.114%)  route 1.131ns (41.886%))
  Logic Levels:           3  (IBUF=1 LUT6=1 OBUF=1)

    Location             Delay type                Incr(ns)  Path(ns)    Netlist Resource(s)
  -------------------------------------------------------------------    -------------------
    V4                                                0.000     0.000 r  I3[1] (IN)
                         net (fo=0)                   0.000     0.000    I3[1]
    V4                   IBUF (Prop_ibuf_I_O)         0.296     0.296 r  I3_IBUF[1]_inst/O
                         net (fo=1, routed)           0.337     0.633    I3_IBUF[1]
    SLICE_X85Y93         LUT6 (Prop_lut6_I2_O)        0.045     0.678 r  outcome_OBUF[1]_inst_i_1/O
                         net (fo=1, routed)           0.794     1.472    outcome_OBUF[1]
    L4                   OBUF (Prop_obuf_I_O)         1.228     2.700 r  outcome_OBUF[1]_inst/O
                         net (fo=0)                   0.000     2.700    outcome[1]
    L4                                                                r  outcome[1] (OUT)
  -------------------------------------------------------------------    -------------------





