Copyright 1986-2022 Xilinx, Inc. All Rights Reserved. Copyright 2022-2023 Advanced Micro Devices, Inc. All Rights Reserved.
---------------------------------------------------------------------------------------------------------------------------------------------
| Tool Version : Vivado v.2023.1 (win64) Build 3865809 Sun May  7 15:05:29 MDT 2023
| Date         : Mon Nov 20 13:01:46 2023
| Host         : BAYERNchampions running 64-bit major release  (build 9200)
| Command      : report_control_sets -verbose -file text_LCD_2_control_sets_placed.rpt
| Design       : text_LCD_2
| Device       : xc7s75
---------------------------------------------------------------------------------------------------------------------------------------------

Control Set Information

Table of Contents
-----------------
1. Summary
2. Histogram
3. Flip-Flop Distribution
4. Detailed Control Set Information

1. Summary
----------

+----------------------------------------------------------+-------+
|                          Status                          | Count |
+----------------------------------------------------------+-------+
| Total control sets                                       |     5 |
|    Minimum number of control sets                        |     5 |
|    Addition due to synthesis replication                 |     0 |
|    Addition due to physical synthesis replication        |     0 |
| Unused register locations in slices containing registers |    12 |
+----------------------------------------------------------+-------+
* Control sets can be merged at opt_design using control_set_merge or merge_equivalent_drivers
** Run report_qor_suggestions for automated merging and remapping suggestions


2. Histogram
------------

+--------------------+-------+
|       Fanout       | Count |
+--------------------+-------+
| Total control sets |     5 |
| >= 0 to < 4        |     0 |
| >= 4 to < 6        |     1 |
| >= 6 to < 8        |     1 |
| >= 8 to < 10       |     2 |
| >= 10 to < 12      |     0 |
| >= 12 to < 14      |     0 |
| >= 14 to < 16      |     0 |
| >= 16              |     1 |
+--------------------+-------+
* Control sets can be remapped at either synth_design or opt_design


3. Flip-Flop Distribution
-------------------------

+--------------+-----------------------+------------------------+-----------------+--------------+
| Clock Enable | Synchronous Set/Reset | Asynchronous Set/Reset | Total Registers | Total Slices |
+--------------+-----------------------+------------------------+-----------------+--------------+
| No           | No                    | No                     |               0 |            0 |
| No           | No                    | Yes                    |              24 |            8 |
| No           | Yes                   | No                     |               0 |            0 |
| Yes          | No                    | No                     |               0 |            0 |
| Yes          | No                    | Yes                    |              28 |           12 |
| Yes          | Yes                   | No                     |               0 |            0 |
+--------------+-----------------------+------------------------+-----------------+--------------+


4. Detailed Control Set Information
-----------------------------------

+------------------+---------------------------------+------------------+------------------+----------------+--------------+
|   Clock Signal   |          Enable Signal          | Set/Reset Signal | Slice Load Count | Bel Load Count | Bels / Slice |
+------------------+---------------------------------+------------------+------------------+----------------+--------------+
|  LCD_E_OBUF_BUFG | FSM_sequential_state[3]_i_1_n_0 | O1/rst           |                2 |              4 |         2.00 |
|  LCD_E_OBUF_BUFG | cnt                             | O1/rst           |                3 |              7 |         2.33 |
|  LCD_E_OBUF_BUFG | LED_out[7]_i_1_n_0              | O1/rst           |                4 |              8 |         2.00 |
|  LCD_E_OBUF_BUFG | LCD_RS_i_1_n_0                  | O1/rst           |                3 |              9 |         3.00 |
|  LCD_E_OBUF_BUFG |                                 | O1/rst           |                8 |             24 |         3.00 |
+------------------+---------------------------------+------------------+------------------+----------------+--------------+


