
*** Running vivado
    with args -log seg_array.vds -m64 -product Vivado -mode batch -messageDb vivado.pb -notrace -source seg_array.tcl


ECHO가 설정되어 있지 않습니다.
ECHO가 설정되어 있지 않습니다.

****** Vivado v2023.1 (64-bit)
  **** SW Build 3865809 on Sun May  7 15:05:29 MDT 2023
  **** IP Build 3864474 on Sun May  7 20:36:21 MDT 2023
  **** SharedData Build 3865790 on Sun May 07 13:33:03 MDT 2023
    ** Copyright 1986-2022 Xilinx, Inc. All Rights Reserved.
    ** Copyright 2022-2023 Advanced Micro Devices, Inc. All Rights Reserved.

source seg_array.tcl -notrace
create_project: Time (s): cpu = 00:00:06 ; elapsed = 00:00:12 . Memory (MB): peak = 448.629 ; gain = 158.844
Command: synth_design -top seg_array -part xc7s75fgga484-1
Starting synth_design
Attempting to get a license for feature 'Synthesis' and/or device 'xc7s75'
INFO: [Common 17-349] Got license for feature 'Synthesis' and/or device 'xc7s75'
INFO: [Device 21-403] Loading part xc7s75fgga484-1
INFO: [Synth 8-7079] Multithreading enabled for synth_design using a maximum of 2 processes.
INFO: [Synth 8-7078] Launching helper process for spawning children vivado processes
INFO: [Synth 8-7075] Helper process launched with PID 7480
---------------------------------------------------------------------------------
Starting RTL Elaboration : Time (s): cpu = 00:00:06 ; elapsed = 00:00:16 . Memory (MB): peak = 1266.371 ; gain = 409.664
---------------------------------------------------------------------------------
INFO: [Synth 8-6157] synthesizing module 'seg_array' [C:/Users/82106/Documents/GitHub/ECE_exp2/week6/4bit_counter_7segment/4bit_counter_7segment/4bit_counter_7segment.srcs/sources_1/new/seg_array.v:23]
INFO: [Synth 8-6157] synthesizing module 'oneshot_universal' [C:/Users/82106/Documents/GitHub/ECE_exp2/week6/4bit_counter_7segment/4bit_counter_7segment/4bit_counter_7segment.srcs/sources_1/new/oneshot_universal.v:23]
	Parameter WIDTH bound to: 1 - type: integer 
INFO: [Synth 8-6155] done synthesizing module 'oneshot_universal' (0#1) [C:/Users/82106/Documents/GitHub/ECE_exp2/week6/4bit_counter_7segment/4bit_counter_7segment/4bit_counter_7segment.srcs/sources_1/new/oneshot_universal.v:23]
INFO: [Synth 8-6157] synthesizing module 'bin2bcd' [C:/Users/82106/Documents/GitHub/ECE_exp2/week6/4bit_counter_7segment/4bit_counter_7segment/4bit_counter_7segment.srcs/sources_1/new/bin2bcd.v:23]
INFO: [Synth 8-226] default block is never used [C:/Users/82106/Documents/GitHub/ECE_exp2/week6/4bit_counter_7segment/4bit_counter_7segment/4bit_counter_7segment.srcs/sources_1/new/bin2bcd.v:33]
INFO: [Synth 8-6155] done synthesizing module 'bin2bcd' (0#1) [C:/Users/82106/Documents/GitHub/ECE_exp2/week6/4bit_counter_7segment/4bit_counter_7segment/4bit_counter_7segment.srcs/sources_1/new/bin2bcd.v:23]
INFO: [Synth 8-6155] done synthesizing module 'seg_array' (0#1) [C:/Users/82106/Documents/GitHub/ECE_exp2/week6/4bit_counter_7segment/4bit_counter_7segment/4bit_counter_7segment.srcs/sources_1/new/seg_array.v:23]
---------------------------------------------------------------------------------
Finished RTL Elaboration : Time (s): cpu = 00:00:08 ; elapsed = 00:00:21 . Memory (MB): peak = 1356.711 ; gain = 500.004
---------------------------------------------------------------------------------
---------------------------------------------------------------------------------
Start Handling Custom Attributes
---------------------------------------------------------------------------------
---------------------------------------------------------------------------------
Finished Handling Custom Attributes : Time (s): cpu = 00:00:09 ; elapsed = 00:00:21 . Memory (MB): peak = 1356.711 ; gain = 500.004
---------------------------------------------------------------------------------
---------------------------------------------------------------------------------
Finished RTL Optimization Phase 1 : Time (s): cpu = 00:00:09 ; elapsed = 00:00:21 . Memory (MB): peak = 1356.711 ; gain = 500.004
---------------------------------------------------------------------------------
Netlist sorting complete. Time (s): cpu = 00:00:00 ; elapsed = 00:00:00.002 . Memory (MB): peak = 1356.711 ; gain = 0.000
INFO: [Project 1-570] Preparing netlist for logic optimization

Processing XDC Constraints
Initializing timing engine
Parsing XDC File [C:/Users/82106/Documents/GitHub/ECE_exp2/week6/4bit_counter_7segment/4bit_counter_7segment/4bit_counter_7segment.srcs/constrs_1/new/segment7array.xdc]
WARNING: [Vivado 12-507] No nets matched 'clk_IBUF'. [C:/Users/82106/Documents/GitHub/ECE_exp2/week6/4bit_counter_7segment/4bit_counter_7segment/4bit_counter_7segment.srcs/constrs_1/new/segment7array.xdc:39]
CRITICAL WARNING: [Common 17-55] 'set_property' expects at least one object. [C:/Users/82106/Documents/GitHub/ECE_exp2/week6/4bit_counter_7segment/4bit_counter_7segment/4bit_counter_7segment.srcs/constrs_1/new/segment7array.xdc:39]
Resolution: If [get_<value>] was used to populate the object, check to make sure this command returns at least one valid object.
Finished Parsing XDC File [C:/Users/82106/Documents/GitHub/ECE_exp2/week6/4bit_counter_7segment/4bit_counter_7segment/4bit_counter_7segment.srcs/constrs_1/new/segment7array.xdc]
INFO: [Project 1-236] Implementation specific constraints were found while reading constraint file [C:/Users/82106/Documents/GitHub/ECE_exp2/week6/4bit_counter_7segment/4bit_counter_7segment/4bit_counter_7segment.srcs/constrs_1/new/segment7array.xdc]. These constraints will be ignored for synthesis but will be used in implementation. Impacted constraints are listed in the file [.Xil/seg_array_propImpl.xdc].
Resolution: To avoid this warning, move constraints listed in [.Xil/seg_array_propImpl.xdc] to another XDC file and exclude this new file from synthesis with the used_in_synthesis property (File Properties dialog in GUI) and re-run elaboration/synthesis.
Completed Processing XDC Constraints

Netlist sorting complete. Time (s): cpu = 00:00:00 ; elapsed = 00:00:00 . Memory (MB): peak = 1382.656 ; gain = 0.000
INFO: [Project 1-111] Unisim Transformation Summary:
No Unisim elements were transformed.

Constraint Validation Runtime : Time (s): cpu = 00:00:00 ; elapsed = 00:00:00.004 . Memory (MB): peak = 1382.656 ; gain = 0.000
---------------------------------------------------------------------------------
Finished Constraint Validation : Time (s): cpu = 00:00:20 ; elapsed = 00:00:46 . Memory (MB): peak = 1382.656 ; gain = 525.949
---------------------------------------------------------------------------------
---------------------------------------------------------------------------------
Start Loading Part and Timing Information
---------------------------------------------------------------------------------
Loading part: xc7s75fgga484-1
---------------------------------------------------------------------------------
Finished Loading Part and Timing Information : Time (s): cpu = 00:00:20 ; elapsed = 00:00:46 . Memory (MB): peak = 1382.656 ; gain = 525.949
---------------------------------------------------------------------------------
---------------------------------------------------------------------------------
Start Applying 'set_property' XDC Constraints
---------------------------------------------------------------------------------
---------------------------------------------------------------------------------
Finished applying 'set_property' XDC Constraints : Time (s): cpu = 00:00:20 ; elapsed = 00:00:46 . Memory (MB): peak = 1382.656 ; gain = 525.949
---------------------------------------------------------------------------------
---------------------------------------------------------------------------------
Finished RTL Optimization Phase 2 : Time (s): cpu = 00:00:20 ; elapsed = 00:00:46 . Memory (MB): peak = 1382.656 ; gain = 525.949
---------------------------------------------------------------------------------
---------------------------------------------------------------------------------
Start RTL Component Statistics 
---------------------------------------------------------------------------------
Detailed RTL Component Info : 
+---Adders : 
	   2 Input    4 Bit       Adders := 1     
+---Registers : 
	                8 Bit    Registers := 2     
	                4 Bit    Registers := 1     
	                1 Bit    Registers := 2     
+---Muxes : 
	   9 Input    4 Bit        Muxes := 1     
	   2 Input    4 Bit        Muxes := 1     
	   2 Input    1 Bit        Muxes := 1     
---------------------------------------------------------------------------------
Finished RTL Component Statistics 
---------------------------------------------------------------------------------
---------------------------------------------------------------------------------
Start Part Resource Summary
---------------------------------------------------------------------------------
Part Resources:
DSPs: 140 (col length:80)
BRAMs: 180 (col length: RAMB18 80 RAMB36 40)
---------------------------------------------------------------------------------
Finished Part Resource Summary
---------------------------------------------------------------------------------
---------------------------------------------------------------------------------
Start Cross Boundary and Area Optimization
---------------------------------------------------------------------------------
WARNING: [Synth 8-7080] Parallel synthesis criteria is not met
---------------------------------------------------------------------------------
Finished Cross Boundary and Area Optimization : Time (s): cpu = 00:00:23 ; elapsed = 00:00:53 . Memory (MB): peak = 1382.656 ; gain = 525.949
---------------------------------------------------------------------------------
---------------------------------------------------------------------------------
Start Applying XDC Timing Constraints
---------------------------------------------------------------------------------
---------------------------------------------------------------------------------
Finished Applying XDC Timing Constraints : Time (s): cpu = 00:00:32 ; elapsed = 00:01:12 . Memory (MB): peak = 1382.656 ; gain = 525.949
---------------------------------------------------------------------------------
---------------------------------------------------------------------------------
Start Timing Optimization
---------------------------------------------------------------------------------
---------------------------------------------------------------------------------
Finished Timing Optimization : Time (s): cpu = 00:00:32 ; elapsed = 00:01:12 . Memory (MB): peak = 1382.656 ; gain = 525.949
---------------------------------------------------------------------------------
---------------------------------------------------------------------------------
Start Technology Mapping
---------------------------------------------------------------------------------
---------------------------------------------------------------------------------
Finished Technology Mapping : Time (s): cpu = 00:00:32 ; elapsed = 00:01:12 . Memory (MB): peak = 1382.656 ; gain = 525.949
---------------------------------------------------------------------------------
---------------------------------------------------------------------------------
Start IO Insertion
---------------------------------------------------------------------------------
---------------------------------------------------------------------------------
Start Flattening Before IO Insertion
---------------------------------------------------------------------------------
---------------------------------------------------------------------------------
Finished Flattening Before IO Insertion
---------------------------------------------------------------------------------
---------------------------------------------------------------------------------
Start Final Netlist Cleanup
---------------------------------------------------------------------------------
---------------------------------------------------------------------------------
Finished Final Netlist Cleanup
---------------------------------------------------------------------------------
---------------------------------------------------------------------------------
Finished IO Insertion : Time (s): cpu = 00:00:38 ; elapsed = 00:01:27 . Memory (MB): peak = 1383.148 ; gain = 526.441
---------------------------------------------------------------------------------
---------------------------------------------------------------------------------
Start Renaming Generated Instances
---------------------------------------------------------------------------------
---------------------------------------------------------------------------------
Finished Renaming Generated Instances : Time (s): cpu = 00:00:38 ; elapsed = 00:01:27 . Memory (MB): peak = 1383.148 ; gain = 526.441
---------------------------------------------------------------------------------
---------------------------------------------------------------------------------
Start Rebuilding User Hierarchy
---------------------------------------------------------------------------------
---------------------------------------------------------------------------------
Finished Rebuilding User Hierarchy : Time (s): cpu = 00:00:38 ; elapsed = 00:01:27 . Memory (MB): peak = 1383.148 ; gain = 526.441
---------------------------------------------------------------------------------
---------------------------------------------------------------------------------
Start Renaming Generated Ports
---------------------------------------------------------------------------------
---------------------------------------------------------------------------------
Finished Renaming Generated Ports : Time (s): cpu = 00:00:38 ; elapsed = 00:01:27 . Memory (MB): peak = 1383.148 ; gain = 526.441
---------------------------------------------------------------------------------
---------------------------------------------------------------------------------
Start Handling Custom Attributes
---------------------------------------------------------------------------------
---------------------------------------------------------------------------------
Finished Handling Custom Attributes : Time (s): cpu = 00:00:38 ; elapsed = 00:01:27 . Memory (MB): peak = 1383.148 ; gain = 526.441
---------------------------------------------------------------------------------
---------------------------------------------------------------------------------
Start Renaming Generated Nets
---------------------------------------------------------------------------------
---------------------------------------------------------------------------------
Finished Renaming Generated Nets : Time (s): cpu = 00:00:38 ; elapsed = 00:01:27 . Memory (MB): peak = 1383.148 ; gain = 526.441
---------------------------------------------------------------------------------
---------------------------------------------------------------------------------
Start Writing Synthesis Report
---------------------------------------------------------------------------------

Report BlackBoxes: 
+-+--------------+----------+
| |BlackBox name |Instances |
+-+--------------+----------+
+-+--------------+----------+

Report Cell Usage: 
+------+-----+------+
|      |Cell |Count |
+------+-----+------+
|1     |BUFG |     1|
|2     |LUT1 |     2|
|3     |LUT2 |     3|
|4     |LUT3 |     5|
|5     |LUT4 |     3|
|6     |LUT6 |     8|
|7     |FDCE |    12|
|8     |FDPE |     7|
|9     |IBUF |     3|
|10    |OBUF |    16|
+------+-----+------+
---------------------------------------------------------------------------------
Finished Writing Synthesis Report : Time (s): cpu = 00:00:38 ; elapsed = 00:01:27 . Memory (MB): peak = 1383.148 ; gain = 526.441
---------------------------------------------------------------------------------
Synthesis finished with 0 errors, 0 critical warnings and 1 warnings.
Synthesis Optimization Runtime : Time (s): cpu = 00:00:27 ; elapsed = 00:01:21 . Memory (MB): peak = 1383.148 ; gain = 500.496
Synthesis Optimization Complete : Time (s): cpu = 00:00:38 ; elapsed = 00:01:27 . Memory (MB): peak = 1383.148 ; gain = 526.441
INFO: [Project 1-571] Translating synthesized netlist
Netlist sorting complete. Time (s): cpu = 00:00:00 ; elapsed = 00:00:00.001 . Memory (MB): peak = 1395.266 ; gain = 0.000
INFO: [Project 1-570] Preparing netlist for logic optimization
INFO: [Opt 31-138] Pushed 0 inverter(s) to 0 load pin(s).
Netlist sorting complete. Time (s): cpu = 00:00:00 ; elapsed = 00:00:00 . Memory (MB): peak = 1403.863 ; gain = 0.000
INFO: [Project 1-111] Unisim Transformation Summary:
No Unisim elements were transformed.

Synth Design complete | Checksum: a3beecd0
INFO: [Common 17-83] Releasing license: Synthesis
20 Infos, 2 Warnings, 1 Critical Warnings and 0 Errors encountered.
synth_design completed successfully
synth_design: Time (s): cpu = 00:00:43 ; elapsed = 00:01:41 . Memory (MB): peak = 1403.863 ; gain = 955.234
INFO: [runtcl-6] Synthesis results are not added to the cache due to CRITICAL_WARNING
INFO: [Common 17-1381] The checkpoint 'C:/Users/82106/Documents/GitHub/ECE_exp2/week6/4bit_counter_7segment/4bit_counter_7segment/4bit_counter_7segment.runs/synth_1/seg_array.dcp' has been generated.
INFO: [runtcl-4] Executing : report_utilization -file seg_array_utilization_synth.rpt -pb seg_array_utilization_synth.pb
INFO: [Common 17-206] Exiting Vivado at Sun Nov  5 22:33:39 2023...
