Copyright 1986-2022 Xilinx, Inc. All Rights Reserved. Copyright 2022-2023 Advanced Micro Devices, Inc. All Rights Reserved.
---------------------------------------------------------------------------------------------------------------------------------------------------------------------------------------------------------------------------
| Tool Version : Vivado v.2023.1 (win64) Build 3865809 Sun May  7 15:05:29 MDT 2023
| Date         : Thu Sep 14 20:14:14 2023
| Host         : BAYERNchampions running 64-bit major release  (build 9200)
| Command      : report_timing_summary -max_paths 10 -report_unconstrained -file comparator_timing_summary_routed.rpt -pb comparator_timing_summary_routed.pb -rpx comparator_timing_summary_routed.rpx -warn_on_violation
| Design       : comparator
| Device       : 7s75-fgga484
| Speed File   : -1  PRODUCTION 1.23 2018-06-13
| Design State : Routed
---------------------------------------------------------------------------------------------------------------------------------------------------------------------------------------------------------------------------

Timing Summary Report

------------------------------------------------------------------------------------------------
| Timer Settings
| --------------
------------------------------------------------------------------------------------------------

  Enable Multi Corner Analysis               :  Yes
  Enable Pessimism Removal                   :  Yes
  Pessimism Removal Resolution               :  Nearest Common Node
  Enable Input Delay Default Clock           :  No
  Enable Preset / Clear Arcs                 :  No
  Disable Flight Delays                      :  No
  Ignore I/O Paths                           :  No
  Timing Early Launch at Borrowing Latches   :  No
  Borrow Time for Max Delay Exceptions       :  Yes
  Merge Timing Exceptions                    :  Yes

  Corner  Analyze    Analyze    
  Name    Max Paths  Min Paths  
  ------  ---------  ---------  
  Slow    Yes        Yes        
  Fast    Yes        Yes        


------------------------------------------------------------------------------------------------
| Report Methodology
| ------------------
------------------------------------------------------------------------------------------------

No report available as report_methodology has not been run prior. Run report_methodology on the current design for the summary of methodology violations.



check_timing report

Table of Contents
-----------------
1. checking no_clock (0)
2. checking constant_clock (0)
3. checking pulse_width_clock (0)
4. checking unconstrained_internal_endpoints (0)
5. checking no_input_delay (0)
6. checking no_output_delay (0)
7. checking multiple_clock (0)
8. checking generated_clocks (0)
9. checking loops (0)
10. checking partial_input_delay (0)
11. checking partial_output_delay (0)
12. checking latch_loops (0)

1. checking no_clock (0)
------------------------
 There are 0 register/latch pins with no clock.


2. checking constant_clock (0)
------------------------------
 There are 0 register/latch pins with constant_clock.


3. checking pulse_width_clock (0)
---------------------------------
 There are 0 register/latch pins which need pulse_width check


4. checking unconstrained_internal_endpoints (0)
------------------------------------------------
 There are 0 pins that are not constrained for maximum delay.

 There are 0 pins that are not constrained for maximum delay due to constant clock.


5. checking no_input_delay (0)
------------------------------
 There are 0 input ports with no input delay specified.

 There are 0 input ports with no input delay but user has a false path constraint.


6. checking no_output_delay (0)
-------------------------------
 There are 0 ports with no output delay specified.

 There are 0 ports with no output delay but user has a false path constraint

 There are 0 ports with no output delay but with a timing clock defined on it or propagating through it


7. checking multiple_clock (0)
------------------------------
 There are 0 register/latch pins with multiple clocks.


8. checking generated_clocks (0)
--------------------------------
 There are 0 generated clocks that are not connected to a clock source.


9. checking loops (0)
---------------------
 There are 0 combinational loops in the design.


10. checking partial_input_delay (0)
------------------------------------
 There are 0 input ports with partial input delay specified.


11. checking partial_output_delay (0)
-------------------------------------
 There are 0 ports with partial output delay specified.


12. checking latch_loops (0)
----------------------------
 There are 0 combinational latch loops in the design through latch input



------------------------------------------------------------------------------------------------
| Design Timing Summary
| ---------------------
------------------------------------------------------------------------------------------------

    WNS(ns)      TNS(ns)  TNS Failing Endpoints  TNS Total Endpoints      WHS(ns)      THS(ns)  THS Failing Endpoints  THS Total Endpoints     WPWS(ns)     TPWS(ns)  TPWS Failing Endpoints  TPWS Total Endpoints  
    -------      -------  ---------------------  -------------------      -------      -------  ---------------------  -------------------     --------     --------  ----------------------  --------------------  
        inf        0.000                      0                    4          inf        0.000                      0                    4           NA           NA                      NA                    NA  


There are no user specified timing constraints.


------------------------------------------------------------------------------------------------
| Clock Summary
| -------------
------------------------------------------------------------------------------------------------


------------------------------------------------------------------------------------------------
| Intra Clock Table
| -----------------
------------------------------------------------------------------------------------------------

Clock             WNS(ns)      TNS(ns)  TNS Failing Endpoints  TNS Total Endpoints      WHS(ns)      THS(ns)  THS Failing Endpoints  THS Total Endpoints     WPWS(ns)     TPWS(ns)  TPWS Failing Endpoints  TPWS Total Endpoints  
-----             -------      -------  ---------------------  -------------------      -------      -------  ---------------------  -------------------     --------     --------  ----------------------  --------------------  


------------------------------------------------------------------------------------------------
| Inter Clock Table
| -----------------
------------------------------------------------------------------------------------------------

From Clock    To Clock          WNS(ns)      TNS(ns)  TNS Failing Endpoints  TNS Total Endpoints      WHS(ns)      THS(ns)  THS Failing Endpoints  THS Total Endpoints  
----------    --------          -------      -------  ---------------------  -------------------      -------      -------  ---------------------  -------------------  


------------------------------------------------------------------------------------------------
| Other Path Groups Table
| -----------------------
------------------------------------------------------------------------------------------------

Path Group    From Clock    To Clock          WNS(ns)      TNS(ns)  TNS Failing Endpoints  TNS Total Endpoints      WHS(ns)      THS(ns)  THS Failing Endpoints  THS Total Endpoints  
----------    ----------    --------          -------      -------  ---------------------  -------------------      -------      -------  ---------------------  -------------------  


------------------------------------------------------------------------------------------------
| User Ignored Path Table
| -----------------------
------------------------------------------------------------------------------------------------

Path Group    From Clock    To Clock    
----------    ----------    --------    


------------------------------------------------------------------------------------------------
| Unconstrained Path Table
| ------------------------
------------------------------------------------------------------------------------------------

Path Group    From Clock    To Clock    
----------    ----------    --------    
(none)                                    


------------------------------------------------------------------------------------------------
| Timing Details
| --------------
------------------------------------------------------------------------------------------------


--------------------------------------------------------------------------------------
Path Group:  (none)
From Clock:  
  To Clock:  

Max Delay             4 Endpoints
Min Delay             4 Endpoints
--------------------------------------------------------------------------------------


Max Delay Paths
--------------------------------------------------------------------------------------
Slack:                    inf
  Source:                 a[3]
                            (input port)
  Destination:            x
                            (output port)
  Path Group:             (none)
  Path Type:              Max at Slow Process Corner
  Data Path Delay:        11.685ns  (logic 5.271ns (45.110%)  route 6.414ns (54.890%))
  Logic Levels:           4  (IBUF=1 LUT3=1 LUT6=1 OBUF=1)

    Location             Delay type                Incr(ns)  Path(ns)    Netlist Resource(s)
  -------------------------------------------------------------------    -------------------
    T1                                                0.000     0.000 r  a[3] (IN)
                         net (fo=0)                   0.000     0.000    a[3]
    T1                   IBUF (Prop_ibuf_I_O)         1.496     1.496 r  a_IBUF[3]_inst/O
                         net (fo=3, routed)           2.403     3.899    a_IBUF[3]
    SLICE_X85Y85         LUT6 (Prop_lut6_I3_O)        0.124     4.023 f  x_OBUF_inst_i_2/O
                         net (fo=3, routed)           1.002     5.024    x_OBUF_inst_i_2_n_0
    SLICE_X85Y90         LUT3 (Prop_lut3_I2_O)        0.124     5.148 r  x_OBUF_inst_i_1/O
                         net (fo=1, routed)           3.010     8.158    x_OBUF
    L4                   OBUF (Prop_obuf_I_O)         3.527    11.685 r  x_OBUF_inst/O
                         net (fo=0)                   0.000    11.685    x
    L4                                                                r  x (OUT)
  -------------------------------------------------------------------    -------------------

Slack:                    inf
  Source:                 a[3]
                            (input port)
  Destination:            y
                            (output port)
  Path Group:             (none)
  Path Type:              Max at Slow Process Corner
  Data Path Delay:        11.631ns  (logic 5.502ns (47.308%)  route 6.129ns (52.692%))
  Logic Levels:           4  (IBUF=1 LUT3=1 LUT6=1 OBUF=1)

    Location             Delay type                Incr(ns)  Path(ns)    Netlist Resource(s)
  -------------------------------------------------------------------    -------------------
    T1                                                0.000     0.000 r  a[3] (IN)
                         net (fo=0)                   0.000     0.000    a[3]
    T1                   IBUF (Prop_ibuf_I_O)         1.496     1.496 r  a_IBUF[3]_inst/O
                         net (fo=3, routed)           2.403     3.899    a_IBUF[3]
    SLICE_X85Y85         LUT6 (Prop_lut6_I3_O)        0.124     4.023 r  x_OBUF_inst_i_2/O
                         net (fo=3, routed)           1.003     5.025    x_OBUF_inst_i_2_n_0
    SLICE_X85Y90         LUT3 (Prop_lut3_I0_O)        0.152     5.177 r  y_OBUF_inst_i_1/O
                         net (fo=1, routed)           2.723     7.901    y_OBUF
    M4                   OBUF (Prop_obuf_I_O)         3.730    11.631 r  y_OBUF_inst/O
                         net (fo=0)                   0.000    11.631    y
    M4                                                                r  y (OUT)
  -------------------------------------------------------------------    -------------------

Slack:                    inf
  Source:                 a[3]
                            (input port)
  Destination:            z
                            (output port)
  Path Group:             (none)
  Path Type:              Max at Slow Process Corner
  Data Path Delay:        11.119ns  (logic 5.287ns (47.545%)  route 5.832ns (52.455%))
  Logic Levels:           4  (IBUF=1 LUT4=1 LUT6=1 OBUF=1)

    Location             Delay type                Incr(ns)  Path(ns)    Netlist Resource(s)
  -------------------------------------------------------------------    -------------------
    T1                                                0.000     0.000 r  a[3] (IN)
                         net (fo=0)                   0.000     0.000    a[3]
    T1                   IBUF (Prop_ibuf_I_O)         1.496     1.496 r  a_IBUF[3]_inst/O
                         net (fo=3, routed)           2.403     3.899    a_IBUF[3]
    SLICE_X85Y85         LUT6 (Prop_lut6_I3_O)        0.124     4.023 f  x_OBUF_inst_i_2/O
                         net (fo=3, routed)           1.003     5.025    x_OBUF_inst_i_2_n_0
    SLICE_X85Y90         LUT4 (Prop_lut4_I1_O)        0.124     5.149 r  z_OBUF_inst_i_1/O
                         net (fo=1, routed)           2.427     7.576    z_OBUF
    M2                   OBUF (Prop_obuf_I_O)         3.543    11.119 r  z_OBUF_inst/O
                         net (fo=0)                   0.000    11.119    z
    M2                                                                r  z (OUT)
  -------------------------------------------------------------------    -------------------

Slack:                    inf
  Source:                 b[0]
                            (input port)
  Destination:            k
                            (output port)
  Path Group:             (none)
  Path Type:              Max at Slow Process Corner
  Data Path Delay:        10.173ns  (logic 5.311ns (52.206%)  route 4.862ns (47.794%))
  Logic Levels:           4  (IBUF=1 LUT3=1 LUT6=1 OBUF=1)

    Location             Delay type                Incr(ns)  Path(ns)    Netlist Resource(s)
  -------------------------------------------------------------------    -------------------
    W4                                                0.000     0.000 r  b[0] (IN)
                         net (fo=0)                   0.000     0.000    b[0]
    W4                   IBUF (Prop_ibuf_I_O)         1.539     1.539 r  b_IBUF[0]_inst/O
                         net (fo=4, routed)           1.786     3.325    b_IBUF[0]
    SLICE_X85Y85         LUT6 (Prop_lut6_I2_O)        0.124     3.449 r  k_OBUF_inst_i_2/O
                         net (fo=1, routed)           0.670     4.119    k_OBUF_inst_i_2_n_0
    SLICE_X85Y85         LUT3 (Prop_lut3_I0_O)        0.124     4.243 r  k_OBUF_inst_i_1/O
                         net (fo=1, routed)           2.406     6.649    k_OBUF
    N7                   OBUF (Prop_obuf_I_O)         3.524    10.173 r  k_OBUF_inst/O
                         net (fo=0)                   0.000    10.173    k
    N7                                                                r  k (OUT)
  -------------------------------------------------------------------    -------------------





Min Delay Paths
--------------------------------------------------------------------------------------
Slack:                    inf
  Source:                 b[3]
                            (input port)
  Destination:            k
                            (output port)
  Path Group:             (none)
  Path Type:              Min at Fast Process Corner
  Data Path Delay:        2.615ns  (logic 1.529ns (58.474%)  route 1.086ns (41.526%))
  Logic Levels:           3  (IBUF=1 LUT3=1 OBUF=1)

    Location             Delay type                Incr(ns)  Path(ns)    Netlist Resource(s)
  -------------------------------------------------------------------    -------------------
    U4                                                0.000     0.000 r  b[3] (IN)
                         net (fo=0)                   0.000     0.000    b[3]
    U4                   IBUF (Prop_ibuf_I_O)         0.259     0.259 r  b_IBUF[3]_inst/O
                         net (fo=3, routed)           0.444     0.703    b_IBUF[3]
    SLICE_X85Y85         LUT3 (Prop_lut3_I1_O)        0.045     0.748 r  k_OBUF_inst_i_1/O
                         net (fo=1, routed)           0.642     1.390    k_OBUF
    N7                   OBUF (Prop_obuf_I_O)         1.225     2.615 r  k_OBUF_inst/O
                         net (fo=0)                   0.000     2.615    k
    N7                                                                r  k (OUT)
  -------------------------------------------------------------------    -------------------

Slack:                    inf
  Source:                 a[0]
                            (input port)
  Destination:            z
                            (output port)
  Path Group:             (none)
  Path Type:              Min at Fast Process Corner
  Data Path Delay:        2.767ns  (logic 1.580ns (57.090%)  route 1.187ns (42.910%))
  Logic Levels:           3  (IBUF=1 LUT4=1 OBUF=1)

    Location             Delay type                Incr(ns)  Path(ns)    Netlist Resource(s)
  -------------------------------------------------------------------    -------------------
    Y1                                                0.000     0.000 r  a[0] (IN)
                         net (fo=0)                   0.000     0.000    a[0]
    Y1                   IBUF (Prop_ibuf_I_O)         0.291     0.291 r  a_IBUF[0]_inst/O
                         net (fo=4, routed)           0.556     0.847    a_IBUF[0]
    SLICE_X85Y90         LUT4 (Prop_lut4_I2_O)        0.045     0.892 r  z_OBUF_inst_i_1/O
                         net (fo=1, routed)           0.631     1.524    z_OBUF
    M2                   OBUF (Prop_obuf_I_O)         1.243     2.767 r  z_OBUF_inst/O
                         net (fo=0)                   0.000     2.767    z
    M2                                                                r  z (OUT)
  -------------------------------------------------------------------    -------------------

Slack:                    inf
  Source:                 a[0]
                            (input port)
  Destination:            y
                            (output port)
  Path Group:             (none)
  Path Type:              Min at Fast Process Corner
  Data Path Delay:        2.966ns  (logic 1.625ns (54.771%)  route 1.342ns (45.229%))
  Logic Levels:           3  (IBUF=1 LUT3=1 OBUF=1)

    Location             Delay type                Incr(ns)  Path(ns)    Netlist Resource(s)
  -------------------------------------------------------------------    -------------------
    Y1                                                0.000     0.000 r  a[0] (IN)
                         net (fo=0)                   0.000     0.000    a[0]
    Y1                   IBUF (Prop_ibuf_I_O)         0.291     0.291 r  a_IBUF[0]_inst/O
                         net (fo=4, routed)           0.556     0.847    a_IBUF[0]
    SLICE_X85Y90         LUT3 (Prop_lut3_I2_O)        0.042     0.889 r  y_OBUF_inst_i_1/O
                         net (fo=1, routed)           0.785     1.675    y_OBUF
    M4                   OBUF (Prop_obuf_I_O)         1.291     2.966 r  y_OBUF_inst/O
                         net (fo=0)                   0.000     2.966    y
    M4                                                                r  y (OUT)
  -------------------------------------------------------------------    -------------------

Slack:                    inf
  Source:                 a[0]
                            (input port)
  Destination:            x
                            (output port)
  Path Group:             (none)
  Path Type:              Min at Fast Process Corner
  Data Path Delay:        3.051ns  (logic 1.564ns (51.271%)  route 1.487ns (48.729%))
  Logic Levels:           3  (IBUF=1 LUT3=1 OBUF=1)

    Location             Delay type                Incr(ns)  Path(ns)    Netlist Resource(s)
  -------------------------------------------------------------------    -------------------
    Y1                                                0.000     0.000 r  a[0] (IN)
                         net (fo=0)                   0.000     0.000    a[0]
    Y1                   IBUF (Prop_ibuf_I_O)         0.291     0.291 r  a_IBUF[0]_inst/O
                         net (fo=4, routed)           0.558     0.849    a_IBUF[0]
    SLICE_X85Y90         LUT3 (Prop_lut3_I0_O)        0.045     0.894 r  x_OBUF_inst_i_1/O
                         net (fo=1, routed)           0.929     1.823    x_OBUF
    L4                   OBUF (Prop_obuf_I_O)         1.228     3.051 r  x_OBUF_inst/O
                         net (fo=0)                   0.000     3.051    x
    L4                                                                r  x (OUT)
  -------------------------------------------------------------------    -------------------





