
*** Running vivado
    with args -log mux8to1.vds -m64 -product Vivado -mode batch -messageDb vivado.pb -notrace -source mux8to1.tcl


ECHO가 설정되어 있지 않습니다.
ECHO가 설정되어 있지 않습니다.

****** Vivado v2023.1 (64-bit)
  **** SW Build 3865809 on Sun May  7 15:05:29 MDT 2023
  **** IP Build 3864474 on Sun May  7 20:36:21 MDT 2023
  **** SharedData Build 3865790 on Sun May 07 13:33:03 MDT 2023
    ** Copyright 1986-2022 Xilinx, Inc. All Rights Reserved.
    ** Copyright 2022-2023 Advanced Micro Devices, Inc. All Rights Reserved.

source mux8to1.tcl -notrace
create_project: Time (s): cpu = 00:00:06 ; elapsed = 00:00:11 . Memory (MB): peak = 447.988 ; gain = 163.770
Command: read_checkpoint -auto_incremental -incremental C:/Users/82106/Documents/GitHub/ECE_exp2/week3/8to1mux/mux8to1/mux8to1.srcs/utils_1/imports/synth_1/mux8to1.dcp
INFO: [Vivado 12-5825] Read reference checkpoint from C:/Users/82106/Documents/GitHub/ECE_exp2/week3/8to1mux/mux8to1/mux8to1.srcs/utils_1/imports/synth_1/mux8to1.dcp for incremental synthesis
INFO: [Vivado 12-7989] Please ensure there are no constraint changes
Command: synth_design -top mux8to1 -part xc7s75fgga484-1
Starting synth_design
Attempting to get a license for feature 'Synthesis' and/or device 'xc7s75'
INFO: [Common 17-349] Got license for feature 'Synthesis' and/or device 'xc7s75'
INFO: [Device 21-403] Loading part xc7s75fgga484-1
INFO: [Designutils 20-5440] No compile time benefit to using incremental synthesis; A full resynthesis will be run
INFO: [Designutils 20-4379] Flow is switching to default flow due to incremental criteria not met. If you would like to alter this behaviour and have the flow terminate instead, please set the following parameter config_implementation {autoIncr.Synth.RejectBehavior Terminate}
INFO: [Synth 8-7079] Multithreading enabled for synth_design using a maximum of 2 processes.
INFO: [Synth 8-7078] Launching helper process for spawning children vivado processes
INFO: [Synth 8-7075] Helper process launched with PID 3772
---------------------------------------------------------------------------------
Starting RTL Elaboration : Time (s): cpu = 00:00:03 ; elapsed = 00:00:08 . Memory (MB): peak = 1269.480 ; gain = 410.902
---------------------------------------------------------------------------------
INFO: [Synth 8-6157] synthesizing module 'mux8to1' [C:/Users/82106/Documents/GitHub/ECE_exp2/week3/8to1mux/mux8to1/mux8to1.srcs/sources_1/new/mux8to1.v:23]
INFO: [Synth 8-6157] synthesizing module 'mux4to1' [C:/Users/82106/Documents/GitHub/ECE_exp2/week3/8to1mux/mux8to1/mux8to1.srcs/sources_1/new/mux4to1.v:23]
INFO: [Synth 8-6155] done synthesizing module 'mux4to1' (0#1) [C:/Users/82106/Documents/GitHub/ECE_exp2/week3/8to1mux/mux8to1/mux8to1.srcs/sources_1/new/mux4to1.v:23]
WARNING: [Synth 8-689] width (1) of port connection 'outcome' does not match port width (4) of module 'mux4to1' [C:/Users/82106/Documents/GitHub/ECE_exp2/week3/8to1mux/mux8to1/mux8to1.srcs/sources_1/new/mux8to1.v:30]
WARNING: [Synth 8-689] width (1) of port connection 'outcome' does not match port width (4) of module 'mux4to1' [C:/Users/82106/Documents/GitHub/ECE_exp2/week3/8to1mux/mux8to1/mux8to1.srcs/sources_1/new/mux8to1.v:31]
INFO: [Synth 8-6157] synthesizing module 'mux2to1' [C:/Users/82106/Documents/GitHub/ECE_exp2/week3/8to1mux/mux8to1/mux8to1.srcs/sources_1/new/mux2to1.v:23]
INFO: [Synth 8-6155] done synthesizing module 'mux2to1' (0#1) [C:/Users/82106/Documents/GitHub/ECE_exp2/week3/8to1mux/mux8to1/mux8to1.srcs/sources_1/new/mux2to1.v:23]
INFO: [Synth 8-6155] done synthesizing module 'mux8to1' (0#1) [C:/Users/82106/Documents/GitHub/ECE_exp2/week3/8to1mux/mux8to1/mux8to1.srcs/sources_1/new/mux8to1.v:23]
---------------------------------------------------------------------------------
Finished RTL Elaboration : Time (s): cpu = 00:00:05 ; elapsed = 00:00:12 . Memory (MB): peak = 1359.707 ; gain = 501.129
---------------------------------------------------------------------------------
---------------------------------------------------------------------------------
Start Handling Custom Attributes
---------------------------------------------------------------------------------
---------------------------------------------------------------------------------
Finished Handling Custom Attributes : Time (s): cpu = 00:00:05 ; elapsed = 00:00:13 . Memory (MB): peak = 1359.707 ; gain = 501.129
---------------------------------------------------------------------------------
---------------------------------------------------------------------------------
Finished RTL Optimization Phase 1 : Time (s): cpu = 00:00:05 ; elapsed = 00:00:13 . Memory (MB): peak = 1359.707 ; gain = 501.129
---------------------------------------------------------------------------------
Netlist sorting complete. Time (s): cpu = 00:00:00 ; elapsed = 00:00:00 . Memory (MB): peak = 1359.707 ; gain = 0.000
INFO: [Project 1-570] Preparing netlist for logic optimization

Processing XDC Constraints
Initializing timing engine
Parsing XDC File [C:/Users/82106/Documents/GitHub/ECE_exp2/week3/8to1mux/mux8to1/mux8to1.srcs/constrs_1/new/mux.xdc]
Finished Parsing XDC File [C:/Users/82106/Documents/GitHub/ECE_exp2/week3/8to1mux/mux8to1/mux8to1.srcs/constrs_1/new/mux.xdc]
Completed Processing XDC Constraints

Netlist sorting complete. Time (s): cpu = 00:00:00 ; elapsed = 00:00:00 . Memory (MB): peak = 1404.906 ; gain = 0.000
INFO: [Project 1-111] Unisim Transformation Summary:
No Unisim elements were transformed.

Constraint Validation Runtime : Time (s): cpu = 00:00:00 ; elapsed = 00:00:00.003 . Memory (MB): peak = 1404.906 ; gain = 0.000
INFO: [Designutils 20-5440] No compile time benefit to using incremental synthesis; A full resynthesis will be run
INFO: [Designutils 20-4379] Flow is switching to default flow due to incremental criteria not met. If you would like to alter this behaviour and have the flow terminate instead, please set the following parameter config_implementation {autoIncr.Synth.RejectBehavior Terminate}
---------------------------------------------------------------------------------
Finished Constraint Validation : Time (s): cpu = 00:00:15 ; elapsed = 00:00:31 . Memory (MB): peak = 1404.906 ; gain = 546.328
---------------------------------------------------------------------------------
---------------------------------------------------------------------------------
Start Loading Part and Timing Information
---------------------------------------------------------------------------------
Loading part: xc7s75fgga484-1
---------------------------------------------------------------------------------
Finished Loading Part and Timing Information : Time (s): cpu = 00:00:15 ; elapsed = 00:00:31 . Memory (MB): peak = 1404.906 ; gain = 546.328
---------------------------------------------------------------------------------
---------------------------------------------------------------------------------
Start Applying 'set_property' XDC Constraints
---------------------------------------------------------------------------------
---------------------------------------------------------------------------------
Finished applying 'set_property' XDC Constraints : Time (s): cpu = 00:00:15 ; elapsed = 00:00:31 . Memory (MB): peak = 1404.906 ; gain = 546.328
---------------------------------------------------------------------------------
---------------------------------------------------------------------------------
Finished RTL Optimization Phase 2 : Time (s): cpu = 00:00:16 ; elapsed = 00:00:32 . Memory (MB): peak = 1404.906 ; gain = 546.328
---------------------------------------------------------------------------------
---------------------------------------------------------------------------------
Start RTL Component Statistics 
---------------------------------------------------------------------------------
Detailed RTL Component Info : 
+---Muxes : 
	   4 Input    4 Bit        Muxes := 2     
---------------------------------------------------------------------------------
Finished RTL Component Statistics 
---------------------------------------------------------------------------------
---------------------------------------------------------------------------------
Start Part Resource Summary
---------------------------------------------------------------------------------
Part Resources:
DSPs: 140 (col length:80)
BRAMs: 180 (col length: RAMB18 80 RAMB36 40)
---------------------------------------------------------------------------------
Finished Part Resource Summary
---------------------------------------------------------------------------------
---------------------------------------------------------------------------------
Start Cross Boundary and Area Optimization
---------------------------------------------------------------------------------
WARNING: [Synth 8-7080] Parallel synthesis criteria is not met
---------------------------------------------------------------------------------
Finished Cross Boundary and Area Optimization : Time (s): cpu = 00:00:19 ; elapsed = 00:00:38 . Memory (MB): peak = 1404.906 ; gain = 546.328
---------------------------------------------------------------------------------
---------------------------------------------------------------------------------
Start Applying XDC Timing Constraints
---------------------------------------------------------------------------------
---------------------------------------------------------------------------------
Finished Applying XDC Timing Constraints : Time (s): cpu = 00:00:28 ; elapsed = 00:00:52 . Memory (MB): peak = 1404.906 ; gain = 546.328
---------------------------------------------------------------------------------
---------------------------------------------------------------------------------
Start Timing Optimization
---------------------------------------------------------------------------------
---------------------------------------------------------------------------------
Finished Timing Optimization : Time (s): cpu = 00:00:28 ; elapsed = 00:00:52 . Memory (MB): peak = 1404.906 ; gain = 546.328
---------------------------------------------------------------------------------
---------------------------------------------------------------------------------
Start Technology Mapping
---------------------------------------------------------------------------------
---------------------------------------------------------------------------------
Finished Technology Mapping : Time (s): cpu = 00:00:28 ; elapsed = 00:00:52 . Memory (MB): peak = 1404.906 ; gain = 546.328
---------------------------------------------------------------------------------
---------------------------------------------------------------------------------
Start IO Insertion
---------------------------------------------------------------------------------
---------------------------------------------------------------------------------
Start Flattening Before IO Insertion
---------------------------------------------------------------------------------
---------------------------------------------------------------------------------
Finished Flattening Before IO Insertion
---------------------------------------------------------------------------------
---------------------------------------------------------------------------------
Start Final Netlist Cleanup
---------------------------------------------------------------------------------
---------------------------------------------------------------------------------
Finished Final Netlist Cleanup
---------------------------------------------------------------------------------
---------------------------------------------------------------------------------
Finished IO Insertion : Time (s): cpu = 00:00:33 ; elapsed = 00:01:03 . Memory (MB): peak = 1404.906 ; gain = 546.328
---------------------------------------------------------------------------------
---------------------------------------------------------------------------------
Start Renaming Generated Instances
---------------------------------------------------------------------------------
---------------------------------------------------------------------------------
Finished Renaming Generated Instances : Time (s): cpu = 00:00:33 ; elapsed = 00:01:03 . Memory (MB): peak = 1404.906 ; gain = 546.328
---------------------------------------------------------------------------------
---------------------------------------------------------------------------------
Start Rebuilding User Hierarchy
---------------------------------------------------------------------------------
---------------------------------------------------------------------------------
Finished Rebuilding User Hierarchy : Time (s): cpu = 00:00:33 ; elapsed = 00:01:03 . Memory (MB): peak = 1404.906 ; gain = 546.328
---------------------------------------------------------------------------------
---------------------------------------------------------------------------------
Start Renaming Generated Ports
---------------------------------------------------------------------------------
---------------------------------------------------------------------------------
Finished Renaming Generated Ports : Time (s): cpu = 00:00:33 ; elapsed = 00:01:03 . Memory (MB): peak = 1404.906 ; gain = 546.328
---------------------------------------------------------------------------------
---------------------------------------------------------------------------------
Start Handling Custom Attributes
---------------------------------------------------------------------------------
---------------------------------------------------------------------------------
Finished Handling Custom Attributes : Time (s): cpu = 00:00:33 ; elapsed = 00:01:03 . Memory (MB): peak = 1404.906 ; gain = 546.328
---------------------------------------------------------------------------------
---------------------------------------------------------------------------------
Start Renaming Generated Nets
---------------------------------------------------------------------------------
---------------------------------------------------------------------------------
Finished Renaming Generated Nets : Time (s): cpu = 00:00:33 ; elapsed = 00:01:03 . Memory (MB): peak = 1404.906 ; gain = 546.328
---------------------------------------------------------------------------------
---------------------------------------------------------------------------------
Start Writing Synthesis Report
---------------------------------------------------------------------------------

Report BlackBoxes: 
+-+--------------+----------+
| |BlackBox name |Instances |
+-+--------------+----------+
+-+--------------+----------+

Report Cell Usage: 
+------+------+------+
|      |Cell  |Count |
+------+------+------+
|1     |LUT6  |     2|
|2     |MUXF7 |     1|
|3     |IBUF  |    11|
|4     |OBUF  |     4|
+------+------+------+
---------------------------------------------------------------------------------
Finished Writing Synthesis Report : Time (s): cpu = 00:00:33 ; elapsed = 00:01:03 . Memory (MB): peak = 1404.906 ; gain = 546.328
---------------------------------------------------------------------------------
Synthesis finished with 0 errors, 0 critical warnings and 1 warnings.
Synthesis Optimization Runtime : Time (s): cpu = 00:00:26 ; elapsed = 00:01:00 . Memory (MB): peak = 1404.906 ; gain = 501.129
Synthesis Optimization Complete : Time (s): cpu = 00:00:33 ; elapsed = 00:01:03 . Memory (MB): peak = 1404.906 ; gain = 546.328
INFO: [Project 1-571] Translating synthesized netlist
Netlist sorting complete. Time (s): cpu = 00:00:00 ; elapsed = 00:00:00.001 . Memory (MB): peak = 1404.906 ; gain = 0.000
INFO: [Netlist 29-17] Analyzing 1 Unisim elements for replacement
INFO: [Netlist 29-28] Unisim Transformation completed in 0 CPU seconds
INFO: [Project 1-570] Preparing netlist for logic optimization
INFO: [Opt 31-138] Pushed 0 inverter(s) to 0 load pin(s).
Netlist sorting complete. Time (s): cpu = 00:00:00 ; elapsed = 00:00:00 . Memory (MB): peak = 1404.906 ; gain = 0.000
INFO: [Project 1-111] Unisim Transformation Summary:
No Unisim elements were transformed.

Synth Design complete | Checksum: 3388dc8d
INFO: [Common 17-83] Releasing license: Synthesis
26 Infos, 3 Warnings, 0 Critical Warnings and 0 Errors encountered.
synth_design completed successfully
synth_design: Time (s): cpu = 00:00:39 ; elapsed = 00:01:17 . Memory (MB): peak = 1404.906 ; gain = 933.031
INFO: [Common 17-1381] The checkpoint 'C:/Users/82106/Documents/GitHub/ECE_exp2/week3/8to1mux/mux8to1/mux8to1.runs/synth_1/mux8to1.dcp' has been generated.
INFO: [runtcl-4] Executing : report_utilization -file mux8to1_utilization_synth.rpt -pb mux8to1_utilization_synth.pb
INFO: [Common 17-206] Exiting Vivado at Sat Sep 16 17:34:36 2023...
