Copyright 1986-2022 Xilinx, Inc. All Rights Reserved. Copyright 2022-2023 Advanced Micro Devices, Inc. All Rights Reserved.
---------------------------------------------------------------------------------------------------------------------------------------------------------------------------------------------------------------
| Tool Version : Vivado v.2023.1 (win64) Build 3865809 Sun May  7 15:05:29 MDT 2023
| Date         : Fri Nov  3 10:58:10 2023
| Host         : BAYERNchampions running 64-bit major release  (build 9200)
| Command      : report_timing_summary -max_paths 10 -report_unconstrained -file updown_timing_summary_routed.rpt -pb updown_timing_summary_routed.pb -rpx updown_timing_summary_routed.rpx -warn_on_violation
| Design       : updown
| Device       : 7s75-fgga484
| Speed File   : -1  PRODUCTION 1.23 2018-06-13
| Design State : Routed
---------------------------------------------------------------------------------------------------------------------------------------------------------------------------------------------------------------

Timing Summary Report

------------------------------------------------------------------------------------------------
| Timer Settings
| --------------
------------------------------------------------------------------------------------------------

  Enable Multi Corner Analysis               :  Yes
  Enable Pessimism Removal                   :  Yes
  Pessimism Removal Resolution               :  Nearest Common Node
  Enable Input Delay Default Clock           :  No
  Enable Preset / Clear Arcs                 :  No
  Disable Flight Delays                      :  No
  Ignore I/O Paths                           :  No
  Timing Early Launch at Borrowing Latches   :  No
  Borrow Time for Max Delay Exceptions       :  Yes
  Merge Timing Exceptions                    :  Yes

  Corner  Analyze    Analyze    
  Name    Max Paths  Min Paths  
  ------  ---------  ---------  
  Slow    Yes        Yes        
  Fast    Yes        Yes        


------------------------------------------------------------------------------------------------
| Report Methodology
| ------------------
------------------------------------------------------------------------------------------------

Rule       Severity          Description                  Violations  
---------  ----------------  ---------------------------  ----------  
TIMING-17  Critical Warning  Non-clocked sequential cell  7           

Note: This report is based on the most recent report_methodology run and may not be up-to-date. Run report_methodology on the current design for the latest report.



check_timing report

Table of Contents
-----------------
1. checking no_clock (7)
2. checking constant_clock (0)
3. checking pulse_width_clock (0)
4. checking unconstrained_internal_endpoints (14)
5. checking no_input_delay (2)
6. checking no_output_delay (3)
7. checking multiple_clock (0)
8. checking generated_clocks (0)
9. checking loops (0)
10. checking partial_input_delay (0)
11. checking partial_output_delay (0)
12. checking latch_loops (0)

1. checking no_clock (7)
------------------------
 There are 7 register/latch pins with no clock driven by root clock pin: clk (HIGH)


2. checking constant_clock (0)
------------------------------
 There are 0 register/latch pins with constant_clock.


3. checking pulse_width_clock (0)
---------------------------------
 There are 0 register/latch pins which need pulse_width check


4. checking unconstrained_internal_endpoints (14)
-------------------------------------------------
 There are 14 pins that are not constrained for maximum delay. (HIGH)

 There are 0 pins that are not constrained for maximum delay due to constant clock.


5. checking no_input_delay (2)
------------------------------
 There are 2 input ports with no input delay specified. (HIGH)

 There are 0 input ports with no input delay but user has a false path constraint.


6. checking no_output_delay (3)
-------------------------------
 There are 3 ports with no output delay specified. (HIGH)

 There are 0 ports with no output delay but user has a false path constraint

 There are 0 ports with no output delay but with a timing clock defined on it or propagating through it


7. checking multiple_clock (0)
------------------------------
 There are 0 register/latch pins with multiple clocks.


8. checking generated_clocks (0)
--------------------------------
 There are 0 generated clocks that are not connected to a clock source.


9. checking loops (0)
---------------------
 There are 0 combinational loops in the design.


10. checking partial_input_delay (0)
------------------------------------
 There are 0 input ports with partial input delay specified.


11. checking partial_output_delay (0)
-------------------------------------
 There are 0 ports with partial output delay specified.


12. checking latch_loops (0)
----------------------------
 There are 0 combinational latch loops in the design through latch input



------------------------------------------------------------------------------------------------
| Design Timing Summary
| ---------------------
------------------------------------------------------------------------------------------------

    WNS(ns)      TNS(ns)  TNS Failing Endpoints  TNS Total Endpoints      WHS(ns)      THS(ns)  THS Failing Endpoints  THS Total Endpoints     WPWS(ns)     TPWS(ns)  TPWS Failing Endpoints  TPWS Total Endpoints  
    -------      -------  ---------------------  -------------------      -------      -------  ---------------------  -------------------     --------     --------  ----------------------  --------------------  
        inf        0.000                      0                   17          inf        0.000                      0                   17           NA           NA                      NA                    NA  


There are no user specified timing constraints.


------------------------------------------------------------------------------------------------
| Clock Summary
| -------------
------------------------------------------------------------------------------------------------


------------------------------------------------------------------------------------------------
| Intra Clock Table
| -----------------
------------------------------------------------------------------------------------------------

Clock             WNS(ns)      TNS(ns)  TNS Failing Endpoints  TNS Total Endpoints      WHS(ns)      THS(ns)  THS Failing Endpoints  THS Total Endpoints     WPWS(ns)     TPWS(ns)  TPWS Failing Endpoints  TPWS Total Endpoints  
-----             -------      -------  ---------------------  -------------------      -------      -------  ---------------------  -------------------     --------     --------  ----------------------  --------------------  


------------------------------------------------------------------------------------------------
| Inter Clock Table
| -----------------
------------------------------------------------------------------------------------------------

From Clock    To Clock          WNS(ns)      TNS(ns)  TNS Failing Endpoints  TNS Total Endpoints      WHS(ns)      THS(ns)  THS Failing Endpoints  THS Total Endpoints  
----------    --------          -------      -------  ---------------------  -------------------      -------      -------  ---------------------  -------------------  


------------------------------------------------------------------------------------------------
| Other Path Groups Table
| -----------------------
------------------------------------------------------------------------------------------------

Path Group    From Clock    To Clock          WNS(ns)      TNS(ns)  TNS Failing Endpoints  TNS Total Endpoints      WHS(ns)      THS(ns)  THS Failing Endpoints  THS Total Endpoints  
----------    ----------    --------          -------      -------  ---------------------  -------------------      -------      -------  ---------------------  -------------------  


------------------------------------------------------------------------------------------------
| User Ignored Path Table
| -----------------------
------------------------------------------------------------------------------------------------

Path Group    From Clock    To Clock    
----------    ----------    --------    


------------------------------------------------------------------------------------------------
| Unconstrained Path Table
| ------------------------
------------------------------------------------------------------------------------------------

Path Group    From Clock    To Clock    
----------    ----------    --------    
(none)                                    


------------------------------------------------------------------------------------------------
| Timing Details
| --------------
------------------------------------------------------------------------------------------------


--------------------------------------------------------------------------------------
Path Group:  (none)
From Clock:  
  To Clock:  

Max Delay            17 Endpoints
Min Delay            17 Endpoints
--------------------------------------------------------------------------------------


Max Delay Paths
--------------------------------------------------------------------------------------
Slack:                    inf
  Source:                 state_reg[0]/C
                            (rising edge-triggered cell FDCE)
  Destination:            state[0]
                            (output port)
  Path Group:             (none)
  Path Type:              Max at Slow Process Corner
  Data Path Delay:        5.908ns  (logic 3.983ns (67.417%)  route 1.925ns (32.583%))
  Logic Levels:           2  (FDCE=1 OBUF=1)

    Location             Delay type                Incr(ns)  Path(ns)    Netlist Resource(s)
  -------------------------------------------------------------------    -------------------
    SLICE_X85Y123        FDCE                         0.000     0.000 r  state_reg[0]/C
    SLICE_X85Y123        FDCE (Prop_fdce_C_Q)         0.456     0.456 r  state_reg[0]/Q
                         net (fo=6, routed)           1.925     2.381    state_OBUF[0]
    L4                   OBUF (Prop_obuf_I_O)         3.527     5.908 r  state_OBUF[0]_inst/O
                         net (fo=0)                   0.000     5.908    state[0]
    L4                                                                r  state[0] (OUT)
  -------------------------------------------------------------------    -------------------

Slack:                    inf
  Source:                 state_reg[2]/C
                            (rising edge-triggered cell FDCE)
  Destination:            state[2]
                            (output port)
  Path Group:             (none)
  Path Type:              Max at Slow Process Corner
  Data Path Delay:        5.888ns  (logic 3.999ns (67.911%)  route 1.889ns (32.089%))
  Logic Levels:           2  (FDCE=1 OBUF=1)

    Location             Delay type                Incr(ns)  Path(ns)    Netlist Resource(s)
  -------------------------------------------------------------------    -------------------
    SLICE_X85Y123        FDCE                         0.000     0.000 r  state_reg[2]/C
    SLICE_X85Y123        FDCE (Prop_fdce_C_Q)         0.456     0.456 r  state_reg[2]/Q
                         net (fo=4, routed)           1.889     2.345    state_OBUF[2]
    M2                   OBUF (Prop_obuf_I_O)         3.543     5.888 r  state_OBUF[2]_inst/O
                         net (fo=0)                   0.000     5.888    state[2]
    M2                                                                r  state[2] (OUT)
  -------------------------------------------------------------------    -------------------

Slack:                    inf
  Source:                 state_reg[1]/C
                            (rising edge-triggered cell FDCE)
  Destination:            state[1]
                            (output port)
  Path Group:             (none)
  Path Type:              Max at Slow Process Corner
  Data Path Delay:        5.844ns  (logic 4.119ns (70.489%)  route 1.725ns (29.511%))
  Logic Levels:           2  (FDCE=1 OBUF=1)

    Location             Delay type                Incr(ns)  Path(ns)    Netlist Resource(s)
  -------------------------------------------------------------------    -------------------
    SLICE_X85Y123        FDCE                         0.000     0.000 r  state_reg[1]/C
    SLICE_X85Y123        FDCE (Prop_fdce_C_Q)         0.419     0.419 r  state_reg[1]/Q
                         net (fo=5, routed)           1.725     2.144    state_OBUF[1]
    M4                   OBUF (Prop_obuf_I_O)         3.700     5.844 r  state_OBUF[1]_inst/O
                         net (fo=0)                   0.000     5.844    state[1]
    M4                                                                r  state[1] (OUT)
  -------------------------------------------------------------------    -------------------

Slack:                    inf
  Source:                 rst
                            (input port)
  Destination:            down_count_enable_reg/CLR
  Path Group:             (none)
  Path Type:              Max at Slow Process Corner
  Data Path Delay:        4.630ns  (logic 1.648ns (35.594%)  route 2.982ns (64.406%))
  Logic Levels:           2  (IBUF=1 LUT1=1)

    Location             Delay type                Incr(ns)  Path(ns)    Netlist Resource(s)
  -------------------------------------------------------------------    -------------------
    Y1                                                0.000     0.000 r  rst (IN)
                         net (fo=0)                   0.000     0.000    rst
    Y1                   IBUF (Prop_ibuf_I_O)         1.524     1.524 r  rst_IBUF_inst/O
                         net (fo=1, routed)           1.977     3.501    rst_IBUF
    SLICE_X85Y112        LUT1 (Prop_lut1_I0_O)        0.124     3.625 f  x_reg_i_1/O
                         net (fo=7, routed)           1.004     4.630    x_reg_i_1_n_0
    SLICE_X85Y123        FDCE                                         f  down_count_enable_reg/CLR
  -------------------------------------------------------------------    -------------------

Slack:                    inf
  Source:                 rst
                            (input port)
  Destination:            state_reg[0]/CLR
  Path Group:             (none)
  Path Type:              Max at Slow Process Corner
  Data Path Delay:        4.630ns  (logic 1.648ns (35.594%)  route 2.982ns (64.406%))
  Logic Levels:           2  (IBUF=1 LUT1=1)

    Location             Delay type                Incr(ns)  Path(ns)    Netlist Resource(s)
  -------------------------------------------------------------------    -------------------
    Y1                                                0.000     0.000 r  rst (IN)
                         net (fo=0)                   0.000     0.000    rst
    Y1                   IBUF (Prop_ibuf_I_O)         1.524     1.524 r  rst_IBUF_inst/O
                         net (fo=1, routed)           1.977     3.501    rst_IBUF
    SLICE_X85Y112        LUT1 (Prop_lut1_I0_O)        0.124     3.625 f  x_reg_i_1/O
                         net (fo=7, routed)           1.004     4.630    x_reg_i_1_n_0
    SLICE_X85Y123        FDCE                                         f  state_reg[0]/CLR
  -------------------------------------------------------------------    -------------------

Slack:                    inf
  Source:                 rst
                            (input port)
  Destination:            state_reg[1]/CLR
  Path Group:             (none)
  Path Type:              Max at Slow Process Corner
  Data Path Delay:        4.630ns  (logic 1.648ns (35.594%)  route 2.982ns (64.406%))
  Logic Levels:           2  (IBUF=1 LUT1=1)

    Location             Delay type                Incr(ns)  Path(ns)    Netlist Resource(s)
  -------------------------------------------------------------------    -------------------
    Y1                                                0.000     0.000 r  rst (IN)
                         net (fo=0)                   0.000     0.000    rst
    Y1                   IBUF (Prop_ibuf_I_O)         1.524     1.524 r  rst_IBUF_inst/O
                         net (fo=1, routed)           1.977     3.501    rst_IBUF
    SLICE_X85Y112        LUT1 (Prop_lut1_I0_O)        0.124     3.625 f  x_reg_i_1/O
                         net (fo=7, routed)           1.004     4.630    x_reg_i_1_n_0
    SLICE_X85Y123        FDCE                                         f  state_reg[1]/CLR
  -------------------------------------------------------------------    -------------------

Slack:                    inf
  Source:                 rst
                            (input port)
  Destination:            state_reg[2]/CLR
  Path Group:             (none)
  Path Type:              Max at Slow Process Corner
  Data Path Delay:        4.630ns  (logic 1.648ns (35.594%)  route 2.982ns (64.406%))
  Logic Levels:           2  (IBUF=1 LUT1=1)

    Location             Delay type                Incr(ns)  Path(ns)    Netlist Resource(s)
  -------------------------------------------------------------------    -------------------
    Y1                                                0.000     0.000 r  rst (IN)
                         net (fo=0)                   0.000     0.000    rst
    Y1                   IBUF (Prop_ibuf_I_O)         1.524     1.524 r  rst_IBUF_inst/O
                         net (fo=1, routed)           1.977     3.501    rst_IBUF
    SLICE_X85Y112        LUT1 (Prop_lut1_I0_O)        0.124     3.625 f  x_reg_i_1/O
                         net (fo=7, routed)           1.004     4.630    x_reg_i_1_n_0
    SLICE_X85Y123        FDCE                                         f  state_reg[2]/CLR
  -------------------------------------------------------------------    -------------------

Slack:                    inf
  Source:                 rst
                            (input port)
  Destination:            up_count_enable_reg/PRE
  Path Group:             (none)
  Path Type:              Max at Slow Process Corner
  Data Path Delay:        4.630ns  (logic 1.648ns (35.594%)  route 2.982ns (64.406%))
  Logic Levels:           2  (IBUF=1 LUT1=1)

    Location             Delay type                Incr(ns)  Path(ns)    Netlist Resource(s)
  -------------------------------------------------------------------    -------------------
    Y1                                                0.000     0.000 r  rst (IN)
                         net (fo=0)                   0.000     0.000    rst
    Y1                   IBUF (Prop_ibuf_I_O)         1.524     1.524 r  rst_IBUF_inst/O
                         net (fo=1, routed)           1.977     3.501    rst_IBUF
    SLICE_X85Y112        LUT1 (Prop_lut1_I0_O)        0.124     3.625 f  x_reg_i_1/O
                         net (fo=7, routed)           1.004     4.630    x_reg_i_1_n_0
    SLICE_X85Y123        FDPE                                         f  up_count_enable_reg/PRE
  -------------------------------------------------------------------    -------------------

Slack:                    inf
  Source:                 rst
                            (input port)
  Destination:            x_reg_reg/CLR
  Path Group:             (none)
  Path Type:              Max at Slow Process Corner
  Data Path Delay:        4.630ns  (logic 1.648ns (35.594%)  route 2.982ns (64.406%))
  Logic Levels:           2  (IBUF=1 LUT1=1)

    Location             Delay type                Incr(ns)  Path(ns)    Netlist Resource(s)
  -------------------------------------------------------------------    -------------------
    Y1                                                0.000     0.000 r  rst (IN)
                         net (fo=0)                   0.000     0.000    rst
    Y1                   IBUF (Prop_ibuf_I_O)         1.524     1.524 r  rst_IBUF_inst/O
                         net (fo=1, routed)           1.977     3.501    rst_IBUF
    SLICE_X85Y112        LUT1 (Prop_lut1_I0_O)        0.124     3.625 f  x_reg_i_1/O
                         net (fo=7, routed)           1.004     4.630    x_reg_i_1_n_0
    SLICE_X84Y123        FDCE                                         f  x_reg_reg/CLR
  -------------------------------------------------------------------    -------------------

Slack:                    inf
  Source:                 rst
                            (input port)
  Destination:            x_trig_reg/CLR
  Path Group:             (none)
  Path Type:              Max at Slow Process Corner
  Data Path Delay:        4.630ns  (logic 1.648ns (35.594%)  route 2.982ns (64.406%))
  Logic Levels:           2  (IBUF=1 LUT1=1)

    Location             Delay type                Incr(ns)  Path(ns)    Netlist Resource(s)
  -------------------------------------------------------------------    -------------------
    Y1                                                0.000     0.000 r  rst (IN)
                         net (fo=0)                   0.000     0.000    rst
    Y1                   IBUF (Prop_ibuf_I_O)         1.524     1.524 r  rst_IBUF_inst/O
                         net (fo=1, routed)           1.977     3.501    rst_IBUF
    SLICE_X85Y112        LUT1 (Prop_lut1_I0_O)        0.124     3.625 f  x_reg_i_1/O
                         net (fo=7, routed)           1.004     4.630    x_reg_i_1_n_0
    SLICE_X84Y123        FDCE                                         f  x_trig_reg/CLR
  -------------------------------------------------------------------    -------------------





Min Delay Paths
--------------------------------------------------------------------------------------
Slack:                    inf
  Source:                 x_reg_reg/C
                            (rising edge-triggered cell FDCE)
  Destination:            x_trig_reg/D
  Path Group:             (none)
  Path Type:              Min at Fast Process Corner
  Data Path Delay:        0.305ns  (logic 0.246ns (80.588%)  route 0.059ns (19.412%))
  Logic Levels:           2  (FDCE=1 LUT2=1)

    Location             Delay type                Incr(ns)  Path(ns)    Netlist Resource(s)
  -------------------------------------------------------------------    -------------------
    SLICE_X84Y123        FDCE                         0.000     0.000 r  x_reg_reg/C
    SLICE_X84Y123        FDCE (Prop_fdce_C_Q)         0.148     0.148 f  x_reg_reg/Q
                         net (fo=1, routed)           0.059     0.207    x_reg
    SLICE_X84Y123        LUT2 (Prop_lut2_I1_O)        0.098     0.305 r  x_trig_i_1/O
                         net (fo=1, routed)           0.000     0.305    x_trig0
    SLICE_X84Y123        FDCE                                         r  x_trig_reg/D
  -------------------------------------------------------------------    -------------------

Slack:                    inf
  Source:                 up_count_enable_reg/C
                            (rising edge-triggered cell FDPE)
  Destination:            state_reg[2]/D
  Path Group:             (none)
  Path Type:              Min at Fast Process Corner
  Data Path Delay:        0.318ns  (logic 0.186ns (58.438%)  route 0.132ns (41.562%))
  Logic Levels:           2  (FDPE=1 LUT6=1)

    Location             Delay type                Incr(ns)  Path(ns)    Netlist Resource(s)
  -------------------------------------------------------------------    -------------------
    SLICE_X85Y123        FDPE                         0.000     0.000 r  up_count_enable_reg/C
    SLICE_X85Y123        FDPE (Prop_fdpe_C_Q)         0.141     0.141 r  up_count_enable_reg/Q
                         net (fo=5, routed)           0.132     0.273    up_count_enable_reg_n_0
    SLICE_X85Y123        LUT6 (Prop_lut6_I3_O)        0.045     0.318 r  state[2]_i_1/O
                         net (fo=1, routed)           0.000     0.318    state[2]_i_1_n_0
    SLICE_X85Y123        FDCE                                         r  state_reg[2]/D
  -------------------------------------------------------------------    -------------------

Slack:                    inf
  Source:                 down_count_enable_reg/C
                            (rising edge-triggered cell FDCE)
  Destination:            down_count_enable_reg/D
  Path Group:             (none)
  Path Type:              Min at Fast Process Corner
  Data Path Delay:        0.320ns  (logic 0.186ns (58.061%)  route 0.134ns (41.939%))
  Logic Levels:           2  (FDCE=1 LUT6=1)

    Location             Delay type                Incr(ns)  Path(ns)    Netlist Resource(s)
  -------------------------------------------------------------------    -------------------
    SLICE_X85Y123        FDCE                         0.000     0.000 r  down_count_enable_reg/C
    SLICE_X85Y123        FDCE (Prop_fdce_C_Q)         0.141     0.141 r  down_count_enable_reg/Q
                         net (fo=5, routed)           0.134     0.275    down_count_enable
    SLICE_X85Y123        LUT6 (Prop_lut6_I4_O)        0.045     0.320 r  down_count_enable_i_1/O
                         net (fo=1, routed)           0.000     0.320    down_count_enable_i_1_n_0
    SLICE_X85Y123        FDCE                                         r  down_count_enable_reg/D
  -------------------------------------------------------------------    -------------------

Slack:                    inf
  Source:                 up_count_enable_reg/C
                            (rising edge-triggered cell FDPE)
  Destination:            up_count_enable_reg/D
  Path Group:             (none)
  Path Type:              Min at Fast Process Corner
  Data Path Delay:        0.321ns  (logic 0.186ns (57.893%)  route 0.135ns (42.107%))
  Logic Levels:           2  (FDPE=1 LUT6=1)

    Location             Delay type                Incr(ns)  Path(ns)    Netlist Resource(s)
  -------------------------------------------------------------------    -------------------
    SLICE_X85Y123        FDPE                         0.000     0.000 r  up_count_enable_reg/C
    SLICE_X85Y123        FDPE (Prop_fdpe_C_Q)         0.141     0.141 r  up_count_enable_reg/Q
                         net (fo=5, routed)           0.135     0.276    up_count_enable_reg_n_0
    SLICE_X85Y123        LUT6 (Prop_lut6_I5_O)        0.045     0.321 r  up_count_enable_i_1/O
                         net (fo=1, routed)           0.000     0.321    up_count_enable_i_1_n_0
    SLICE_X85Y123        FDPE                                         r  up_count_enable_reg/D
  -------------------------------------------------------------------    -------------------

Slack:                    inf
  Source:                 x_trig_reg/C
                            (rising edge-triggered cell FDCE)
  Destination:            state_reg[0]/D
  Path Group:             (none)
  Path Type:              Min at Fast Process Corner
  Data Path Delay:        0.325ns  (logic 0.209ns (64.226%)  route 0.116ns (35.774%))
  Logic Levels:           2  (FDCE=1 LUT4=1)

    Location             Delay type                Incr(ns)  Path(ns)    Netlist Resource(s)
  -------------------------------------------------------------------    -------------------
    SLICE_X84Y123        FDCE                         0.000     0.000 r  x_trig_reg/C
    SLICE_X84Y123        FDCE (Prop_fdce_C_Q)         0.164     0.164 r  x_trig_reg/Q
                         net (fo=5, routed)           0.116     0.280    x_trig
    SLICE_X85Y123        LUT4 (Prop_lut4_I2_O)        0.045     0.325 r  state[0]_i_1/O
                         net (fo=1, routed)           0.000     0.325    state[0]_i_1_n_0
    SLICE_X85Y123        FDCE                                         r  state_reg[0]/D
  -------------------------------------------------------------------    -------------------

Slack:                    inf
  Source:                 x_trig_reg/C
                            (rising edge-triggered cell FDCE)
  Destination:            state_reg[1]/D
  Path Group:             (none)
  Path Type:              Min at Fast Process Corner
  Data Path Delay:        0.329ns  (logic 0.213ns (64.660%)  route 0.116ns (35.340%))
  Logic Levels:           2  (FDCE=1 LUT5=1)

    Location             Delay type                Incr(ns)  Path(ns)    Netlist Resource(s)
  -------------------------------------------------------------------    -------------------
    SLICE_X84Y123        FDCE                         0.000     0.000 r  x_trig_reg/C
    SLICE_X84Y123        FDCE (Prop_fdce_C_Q)         0.164     0.164 r  x_trig_reg/Q
                         net (fo=5, routed)           0.116     0.280    x_trig
    SLICE_X85Y123        LUT5 (Prop_lut5_I1_O)        0.049     0.329 r  state[1]_i_1/O
                         net (fo=1, routed)           0.000     0.329    state[1]_i_1_n_0
    SLICE_X85Y123        FDCE                                         r  state_reg[1]/D
  -------------------------------------------------------------------    -------------------

Slack:                    inf
  Source:                 x
                            (input port)
  Destination:            x_reg_reg/D
  Path Group:             (none)
  Path Type:              Min at Fast Process Corner
  Data Path Delay:        0.659ns  (logic 0.236ns (35.873%)  route 0.423ns (64.127%))
  Logic Levels:           1  (IBUF=1)

    Location             Delay type                Incr(ns)  Path(ns)    Netlist Resource(s)
  -------------------------------------------------------------------    -------------------
    K4                                                0.000     0.000 r  x (IN)
                         net (fo=0)                   0.000     0.000    x
    K4                   IBUF (Prop_ibuf_I_O)         0.236     0.236 r  x_IBUF_inst/O
                         net (fo=2, routed)           0.423     0.659    x_IBUF
    SLICE_X84Y123        FDCE                                         r  x_reg_reg/D
  -------------------------------------------------------------------    -------------------

Slack:                    inf
  Source:                 rst
                            (input port)
  Destination:            down_count_enable_reg/CLR
  Path Group:             (none)
  Path Type:              Min at Fast Process Corner
  Data Path Delay:        1.470ns  (logic 0.336ns (22.875%)  route 1.134ns (77.125%))
  Logic Levels:           2  (IBUF=1 LUT1=1)

    Location             Delay type                Incr(ns)  Path(ns)    Netlist Resource(s)
  -------------------------------------------------------------------    -------------------
    Y1                                                0.000     0.000 r  rst (IN)
                         net (fo=0)                   0.000     0.000    rst
    Y1                   IBUF (Prop_ibuf_I_O)         0.291     0.291 r  rst_IBUF_inst/O
                         net (fo=1, routed)           0.755     1.047    rst_IBUF
    SLICE_X85Y112        LUT1 (Prop_lut1_I0_O)        0.045     1.092 f  x_reg_i_1/O
                         net (fo=7, routed)           0.378     1.470    x_reg_i_1_n_0
    SLICE_X85Y123        FDCE                                         f  down_count_enable_reg/CLR
  -------------------------------------------------------------------    -------------------

Slack:                    inf
  Source:                 rst
                            (input port)
  Destination:            state_reg[0]/CLR
  Path Group:             (none)
  Path Type:              Min at Fast Process Corner
  Data Path Delay:        1.470ns  (logic 0.336ns (22.875%)  route 1.134ns (77.125%))
  Logic Levels:           2  (IBUF=1 LUT1=1)

    Location             Delay type                Incr(ns)  Path(ns)    Netlist Resource(s)
  -------------------------------------------------------------------    -------------------
    Y1                                                0.000     0.000 r  rst (IN)
                         net (fo=0)                   0.000     0.000    rst
    Y1                   IBUF (Prop_ibuf_I_O)         0.291     0.291 r  rst_IBUF_inst/O
                         net (fo=1, routed)           0.755     1.047    rst_IBUF
    SLICE_X85Y112        LUT1 (Prop_lut1_I0_O)        0.045     1.092 f  x_reg_i_1/O
                         net (fo=7, routed)           0.378     1.470    x_reg_i_1_n_0
    SLICE_X85Y123        FDCE                                         f  state_reg[0]/CLR
  -------------------------------------------------------------------    -------------------

Slack:                    inf
  Source:                 rst
                            (input port)
  Destination:            state_reg[1]/CLR
  Path Group:             (none)
  Path Type:              Min at Fast Process Corner
  Data Path Delay:        1.470ns  (logic 0.336ns (22.875%)  route 1.134ns (77.125%))
  Logic Levels:           2  (IBUF=1 LUT1=1)

    Location             Delay type                Incr(ns)  Path(ns)    Netlist Resource(s)
  -------------------------------------------------------------------    -------------------
    Y1                                                0.000     0.000 r  rst (IN)
                         net (fo=0)                   0.000     0.000    rst
    Y1                   IBUF (Prop_ibuf_I_O)         0.291     0.291 r  rst_IBUF_inst/O
                         net (fo=1, routed)           0.755     1.047    rst_IBUF
    SLICE_X85Y112        LUT1 (Prop_lut1_I0_O)        0.045     1.092 f  x_reg_i_1/O
                         net (fo=7, routed)           0.378     1.470    x_reg_i_1_n_0
    SLICE_X85Y123        FDCE                                         f  state_reg[1]/CLR
  -------------------------------------------------------------------    -------------------





