#-----------------------------------------------------------
# Vivado v2023.1 (64-bit)
# SW Build 3865809 on Sun May  7 15:05:29 MDT 2023
# IP Build 3864474 on Sun May  7 20:36:21 MDT 2023
# SharedData Build 3865790 on Sun May 07 13:33:03 MDT 2023
# Start of session at: Fri Nov 17 15:05:41 2023
# Process ID: 7508
# Current directory: C:/Users/82106/Documents/GitHub/ECE_exp2/week12/text_LCD_2/text_LCD_2_more/text_LCD_2_more
# Command line: vivado.exe -gui_launcher_event rodinguilauncherevent9096 C:\Users\82106\Documents\GitHub\ECE_exp2\week12\text_LCD_2\text_LCD_2_more\text_LCD_2_more\text_LCD_2_more.xpr
# Log file: C:/Users/82106/Documents/GitHub/ECE_exp2/week12/text_LCD_2/text_LCD_2_more/text_LCD_2_more/vivado.log
# Journal file: C:/Users/82106/Documents/GitHub/ECE_exp2/week12/text_LCD_2/text_LCD_2_more/text_LCD_2_more\vivado.jou
# Running On: BAYERNchampions, OS: Windows, CPU Frequency: 2496 MHz, CPU Physical cores: 4, Host memory: 16873 MB
#-----------------------------------------------------------
start_gui
open_project C:/Users/82106/Documents/GitHub/ECE_exp2/week12/text_LCD_2/text_LCD_2_more/text_LCD_2_more/text_LCD_2_more.xpr
INFO: [ProjectBase 1-489] The host OS only allows 260 characters in a normal path. The project is stored in a path with more than 80 characters. If you experience issues with IP, Block Designs, or files not being found, please consider moving the project to a location with a shorter path. Alternately consider using the OS subst command to map part of the path to a drive letter.
Current project path is 'C:/Users/82106/Documents/GitHub/ECE_exp2/week12/text_LCD_2/text_LCD_2_more/text_LCD_2_more'
WARNING: [Board 49-26] cannot add Board Part xilinx.com:kc705:part0:1.6 available at C:/Xilinx/Vivado/2023.1/data/xhub/boards/XilinxBoardStore/boards/Xilinx/kc705/1.6/board.xml as part xc7k325tffg900-2 specified in board_part file is either invalid or not available
WARNING: [Board 49-26] cannot add Board Part xilinx.com:kcu105:part0:1.6 available at C:/Xilinx/Vivado/2023.1/data/xhub/boards/XilinxBoardStore/boards/Xilinx/kcu105/1.6/board.xml as part xcku040-ffva1156-2-e specified in board_part file is either invalid or not available
WARNING: [Board 49-26] cannot add Board Part xilinx.com:kcu105:part0:1.7 available at C:/Xilinx/Vivado/2023.1/data/xhub/boards/XilinxBoardStore/boards/Xilinx/kcu105/1.7/board.xml as part xcku040-ffva1156-2-e specified in board_part file is either invalid or not available
WARNING: [Board 49-26] cannot add Board Part xilinx.com:kcu1500:part0:1.2 available at C:/Xilinx/Vivado/2023.1/data/xhub/boards/XilinxBoardStore/boards/Xilinx/kcu1500/1.2/board.xml as part xcku115-flvb2104-2-e specified in board_part file is either invalid or not available
WARNING: [Board 49-26] cannot add Board Part xilinx.com:vc707:part0:1.4 available at C:/Xilinx/Vivado/2023.1/data/xhub/boards/XilinxBoardStore/boards/Xilinx/vc707/1.4/board.xml as part xc7vx485tffg1761-2 specified in board_part file is either invalid or not available
WARNING: [Board 49-26] cannot add Board Part xilinx.com:vc709:part0:1.8 available at C:/Xilinx/Vivado/2023.1/data/xhub/boards/XilinxBoardStore/boards/Xilinx/vc709/1.8/board.xml as part xc7vx690tffg1761-2 specified in board_part file is either invalid or not available
WARNING: [Board 49-26] cannot add Board Part xilinx.com:vck190:part0:2.2 available at C:/Xilinx/Vivado/2023.1/data/xhub/boards/XilinxBoardStore/boards/Xilinx/vck190/production/2.2/board.xml as part xcvc1902-vsva2197-2mp-e-s specified in board_part file is either invalid or not available
WARNING: [Board 49-26] cannot add Board Part xilinx.com:vck190:part0:3.0 available at C:/Xilinx/Vivado/2023.1/data/xhub/boards/XilinxBoardStore/boards/Xilinx/vck190/production/3.0/board.xml as part xcvc1902-vsva2197-2mp-e-s specified in board_part file is either invalid or not available
WARNING: [Board 49-26] cannot add Board Part xilinx.com:vck190:part0:3.1 available at C:/Xilinx/Vivado/2023.1/data/xhub/boards/XilinxBoardStore/boards/Xilinx/vck190/production/3.1/board.xml as part xcvc1902-vsva2197-2mp-e-s specified in board_part file is either invalid or not available
WARNING: [Board 49-26] cannot add Board Part xilinx.com:vck190:part0:3.2 available at C:/Xilinx/Vivado/2023.1/data/xhub/boards/XilinxBoardStore/boards/Xilinx/vck190/production/3.2/board.xml as part xcvc1902-vsva2197-2mp-e-s specified in board_part file is either invalid or not available
WARNING: [Board 49-26] cannot add Board Part xilinx.com:vck190_newl:part0:1.0 available at C:/Xilinx/Vivado/2023.1/data/xhub/boards/XilinxBoardStore/boards/Xilinx/vck190_newl/production/1.0/board.xml as part xcvc1902-vsva2197-2mp-e-s specified in board_part file is either invalid or not available
WARNING: [Board 49-26] cannot add Board Part xilinx.com:vck190_newl:part0:1.1 available at C:/Xilinx/Vivado/2023.1/data/xhub/boards/XilinxBoardStore/boards/Xilinx/vck190_newl/production/1.1/board.xml as part xcvc1902-vsva2197-2mp-e-s specified in board_part file is either invalid or not available
WARNING: [Board 49-26] cannot add Board Part xilinx.com:vcu108:part0:1.6 available at C:/Xilinx/Vivado/2023.1/data/xhub/boards/XilinxBoardStore/boards/Xilinx/vcu108/1.6/board.xml as part xcvu095-ffva2104-2-e specified in board_part file is either invalid or not available
WARNING: [Board 49-26] cannot add Board Part xilinx.com:vcu108:part0:1.7 available at C:/Xilinx/Vivado/2023.1/data/xhub/boards/XilinxBoardStore/boards/Xilinx/vcu108/1.7/board.xml as part xcvu095-ffva2104-2-e specified in board_part file is either invalid or not available
WARNING: [Board 49-26] cannot add Board Part xilinx.com:vcu110:part0:1.4 available at C:/Xilinx/Vivado/2023.1/data/xhub/boards/XilinxBoardStore/boards/Xilinx/vcu110/1.4/board.xml as part xcvu190-flgc2104-2-e specified in board_part file is either invalid or not available
WARNING: [Board 49-26] cannot add Board Part xilinx.com:vcu118:part0:2.0 available at C:/Xilinx/Vivado/2023.1/data/xhub/boards/XilinxBoardStore/boards/Xilinx/vcu118/2.0/board.xml as part xcvu9p-flga2104-2l-e specified in board_part file is either invalid or not available
WARNING: [Board 49-26] cannot add Board Part xilinx.com:vcu118:part0:2.3 available at C:/Xilinx/Vivado/2023.1/data/xhub/boards/XilinxBoardStore/boards/Xilinx/vcu118/2.3/board.xml as part xcvu9p-flga2104-2l-e specified in board_part file is either invalid or not available
WARNING: [Board 49-26] cannot add Board Part xilinx.com:vcu118:part0:2.4 available at C:/Xilinx/Vivado/2023.1/data/xhub/boards/XilinxBoardStore/boards/Xilinx/vcu118/2.4/board.xml as part xcvu9p-flga2104-2l-e specified in board_part file is either invalid or not available
WARNING: [Board 49-26] cannot add Board Part xilinx.com:vcu129:part0:1.0 available at C:/Xilinx/Vivado/2023.1/data/xhub/boards/XilinxBoardStore/boards/Xilinx/vcu129/production/1.0/board.xml as part xcvu29p-fsga2577-2l-e specified in board_part file is either invalid or not available
WARNING: [Board 49-26] cannot add Board Part xilinx.com:vcu1525:part0:1.3 available at C:/Xilinx/Vivado/2023.1/data/xhub/boards/XilinxBoardStore/boards/Xilinx/vcu1525/1.3/board.xml as part xcvu9p-fsgd2104-2l-e specified in board_part file is either invalid or not available
WARNING: [Board 49-26] cannot add Board Part xilinx.com:vek280_es:part0:1.0 available at C:/Xilinx/Vivado/2023.1/data/xhub/boards/XilinxBoardStore/boards/Xilinx/vek280/es/rev_a/1.0/board.xml as part xcve2802-vsvh1760-2lp-e-s-es1 specified in board_part file is either invalid or not available
WARNING: [Board 49-26] cannot add Board Part xilinx.com:vek280_es:part0:1.1 available at C:/Xilinx/Vivado/2023.1/data/xhub/boards/XilinxBoardStore/boards/Xilinx/vek280/es/rev_a/1.1/board.xml as part xcve2802-vsvh1760-2lp-e-s-es1 specified in board_part file is either invalid or not available
WARNING: [Board 49-26] cannot add Board Part xilinx.com:vek280_es_revb:part0:1.0 available at C:/Xilinx/Vivado/2023.1/data/xhub/boards/XilinxBoardStore/boards/Xilinx/vek280/es/rev_b/1.0/board.xml as part xcve2802-vsvh1760-2mp-e-s-es1 specified in board_part file is either invalid or not available
WARNING: [Board 49-26] cannot add Board Part xilinx.com:vek280_es_revb:part0:1.1 available at C:/Xilinx/Vivado/2023.1/data/xhub/boards/XilinxBoardStore/boards/Xilinx/vek280/es/rev_b/1.1/board.xml as part xcve2802-vsvh1760-2mp-e-s-es1 specified in board_part file is either invalid or not available
WARNING: [Board 49-26] cannot add Board Part xilinx.com:vermeo_t1_mpsoc:part0:1.0 available at C:/Xilinx/Vivado/2023.1/data/xhub/boards/XilinxBoardStore/boards/Xilinx/vermeo_t1_mpsoc/1.0/board.xml as part xczu19eg-ffvd1760-2l-e specified in board_part file is either invalid or not available
WARNING: [Board 49-26] cannot add Board Part xilinx.com:vermeo_t1_rfsoc:part0:1.0 available at C:/Xilinx/Vivado/2023.1/data/xhub/boards/XilinxBoardStore/boards/Xilinx/vermeo_t1_rfsoc/1.0/board.xml as part xczu21dr-ffvd1156-2l-e specified in board_part file is either invalid or not available
WARNING: [Board 49-26] cannot add Board Part xilinx.com:vhk158:part0:1.0 available at C:/Xilinx/Vivado/2023.1/data/xhub/boards/XilinxBoardStore/boards/Xilinx/vhk158/production/1.0/board.xml as part xcvh1582-vsva3697-2mp-e-s specified in board_part file is either invalid or not available
WARNING: [Board 49-26] cannot add Board Part xilinx.com:vhk158_es:part0:1.0 available at C:/Xilinx/Vivado/2023.1/data/xhub/boards/XilinxBoardStore/boards/Xilinx/vhk158/es/1.0/board.xml as part xcvh1582-vsva3697-2mp-e-s-es1 specified in board_part file is either invalid or not available
WARNING: [Board 49-26] cannot add Board Part xilinx.com:vhk158_es:part0:1.1 available at C:/Xilinx/Vivado/2023.1/data/xhub/boards/XilinxBoardStore/boards/Xilinx/vhk158/es/1.1/board.xml as part xcvh1582-vsva3697-2mp-e-s-es1 specified in board_part file is either invalid or not available
WARNING: [Board 49-26] cannot add Board Part xilinx.com:vmk180:part0:2.2 available at C:/Xilinx/Vivado/2023.1/data/xhub/boards/XilinxBoardStore/boards/Xilinx/vmk180/production/2.2/board.xml as part xcvm1802-vsva2197-2mp-e-s specified in board_part file is either invalid or not available
WARNING: [Board 49-26] cannot add Board Part xilinx.com:vmk180:part0:3.0 available at C:/Xilinx/Vivado/2023.1/data/xhub/boards/XilinxBoardStore/boards/Xilinx/vmk180/production/3.0/board.xml as part xcvm1802-vsva2197-2mp-e-s specified in board_part file is either invalid or not available
WARNING: [Board 49-26] cannot add Board Part xilinx.com:vmk180:part0:3.1 available at C:/Xilinx/Vivado/2023.1/data/xhub/boards/XilinxBoardStore/boards/Xilinx/vmk180/production/3.1/board.xml as part xcvm1802-vsva2197-2mp-e-s specified in board_part file is either invalid or not available
WARNING: [Board 49-26] cannot add Board Part xilinx.com:vmk180:part0:3.2 available at C:/Xilinx/Vivado/2023.1/data/xhub/boards/XilinxBoardStore/boards/Xilinx/vmk180/production/3.2/board.xml as part xcvm1802-vsva2197-2mp-e-s specified in board_part file is either invalid or not available
WARNING: [Board 49-26] cannot add Board Part xilinx.com:vmk180_newl:part0:1.0 available at C:/Xilinx/Vivado/2023.1/data/xhub/boards/XilinxBoardStore/boards/Xilinx/vmk180_newl/production/1.0/board.xml as part xcvm1802-vsva2197-2mp-e-s specified in board_part file is either invalid or not available
WARNING: [Board 49-26] cannot add Board Part xilinx.com:vmk180_newl:part0:1.1 available at C:/Xilinx/Vivado/2023.1/data/xhub/boards/XilinxBoardStore/boards/Xilinx/vmk180_newl/production/1.1/board.xml as part xcvm1802-vsva2197-2mp-e-s specified in board_part file is either invalid or not available
WARNING: [Board 49-26] cannot add Board Part xilinx.com:vpk120:part0:1.0 available at C:/Xilinx/Vivado/2023.1/data/xhub/boards/XilinxBoardStore/boards/Xilinx/vpk120/production/1.0/board.xml as part xcvp1202-vsva2785-2mp-e-s specified in board_part file is either invalid or not available
WARNING: [Board 49-26] cannot add Board Part xilinx.com:vpk120:part0:1.1 available at C:/Xilinx/Vivado/2023.1/data/xhub/boards/XilinxBoardStore/boards/Xilinx/vpk120/production/1.1/board.xml as part xcvp1202-vsva2785-2mp-e-s specified in board_part file is either invalid or not available
WARNING: [Board 49-26] cannot add Board Part xilinx.com:vpk120_es:part0:1.2 available at C:/Xilinx/Vivado/2023.1/data/xhub/boards/XilinxBoardStore/boards/Xilinx/vpk120/es/1.2/board.xml as part xcvp1202-vsva2785-2mp-e-s-es1 specified in board_part file is either invalid or not available
WARNING: [Board 49-26] cannot add Board Part xilinx.com:vpk120_es:part0:1.3 available at C:/Xilinx/Vivado/2023.1/data/xhub/boards/XilinxBoardStore/boards/Xilinx/vpk120/es/1.3/board.xml as part xcvp1202-vsva2785-2mp-e-s-es1 specified in board_part file is either invalid or not available
WARNING: [Board 49-26] cannot add Board Part xilinx.com:vpk120_es_revb:part0:1.0 available at C:/Xilinx/Vivado/2023.1/data/xhub/boards/XilinxBoardStore/boards/Xilinx/vpk120_revb/es/1.0/board.xml as part xcvp1202-vsva2785-2mp-e-s-es1 specified in board_part file is either invalid or not available
WARNING: [Board 49-26] cannot add Board Part xilinx.com:vpk120_es_revb:part0:1.1 available at C:/Xilinx/Vivado/2023.1/data/xhub/boards/XilinxBoardStore/boards/Xilinx/vpk120_revb/es/1.1/board.xml as part xcvp1202-vsva2785-2mp-e-s-es1 specified in board_part file is either invalid or not available
WARNING: [Board 49-26] cannot add Board Part xilinx.com:vpk180:part0:1.0 available at C:/Xilinx/Vivado/2023.1/data/xhub/boards/XilinxBoardStore/boards/Xilinx/vpk180/production/1.0/board.xml as part xcvp1802-lsvc4072-2mp-e-s specified in board_part file is either invalid or not available
WARNING: [Board 49-26] cannot add Board Part xilinx.com:vpk180:part0:1.1 available at C:/Xilinx/Vivado/2023.1/data/xhub/boards/XilinxBoardStore/boards/Xilinx/vpk180/production/1.1/board.xml as part xcvp1802-lsvc4072-2mp-e-s specified in board_part file is either invalid or not available
WARNING: [Board 49-26] cannot add Board Part xilinx.com:vpk180_es:part0:1.0 available at C:/Xilinx/Vivado/2023.1/data/xhub/boards/XilinxBoardStore/boards/Xilinx/vpk180/es/1.0/board.xml as part xcvp1802-lsvc4072-2mp-e-s-es1 specified in board_part file is either invalid or not available
WARNING: [Board 49-26] cannot add Board Part xilinx.com:vpk180_es:part0:1.1 available at C:/Xilinx/Vivado/2023.1/data/xhub/boards/XilinxBoardStore/boards/Xilinx/vpk180/es/1.1/board.xml as part xcvp1802-lsvc4072-2mp-e-s-es1 specified in board_part file is either invalid or not available
WARNING: [Board 49-26] cannot add Board Part xilinx.com:zc706:part0:1.4 available at C:/Xilinx/Vivado/2023.1/data/xhub/boards/XilinxBoardStore/boards/Xilinx/zc706/1.4/board.xml as part xc7z045ffg900-2 specified in board_part file is either invalid or not available
WARNING: [Board 49-26] cannot add Board Part xilinx.com:zcu102:part0:3.3 available at C:/Xilinx/Vivado/2023.1/data/xhub/boards/XilinxBoardStore/boards/Xilinx/zcu102/3.3/board.xml as part xczu9eg-ffvb1156-2-e specified in board_part file is either invalid or not available
WARNING: [Board 49-26] cannot add Board Part xilinx.com:zcu102:part0:3.4 available at C:/Xilinx/Vivado/2023.1/data/xhub/boards/XilinxBoardStore/boards/Xilinx/zcu102/3.4/board.xml as part xczu9eg-ffvb1156-2-e specified in board_part file is either invalid or not available
WARNING: [Board 49-26] cannot add Board Part xilinx.com:zcu111:part0:1.2 available at C:/Xilinx/Vivado/2023.1/data/xhub/boards/XilinxBoardStore/boards/Xilinx/zcu111/1.2/board.xml as part xczu28dr-ffvg1517-2-e specified in board_part file is either invalid or not available
WARNING: [Board 49-26] cannot add Board Part xilinx.com:zcu111:part0:1.3 available at C:/Xilinx/Vivado/2023.1/data/xhub/boards/XilinxBoardStore/boards/Xilinx/zcu111/1.3/board.xml as part xczu28dr-ffvg1517-2-e specified in board_part file is either invalid or not available
WARNING: [Board 49-26] cannot add Board Part xilinx.com:zcu111:part0:1.4 available at C:/Xilinx/Vivado/2023.1/data/xhub/boards/XilinxBoardStore/boards/Xilinx/zcu111/1.4/board.xml as part xczu28dr-ffvg1517-2-e specified in board_part file is either invalid or not available
WARNING: [Board 49-26] cannot add Board Part xilinx.com:zcu1275:part0:1.0 available at C:/Xilinx/Vivado/2023.1/data/xhub/boards/XilinxBoardStore/boards/Xilinx/zcu1275/1.0/board.xml as part xczu29dr-ffvf1760-2-e specified in board_part file is either invalid or not available
WARNING: [Board 49-26] cannot add Board Part xilinx.com:zcu1285:part0:1.0 available at C:/Xilinx/Vivado/2023.1/data/xhub/boards/XilinxBoardStore/boards/Xilinx/zcu1285/1.0/board.xml as part xczu39dr-ffvf1760-2-i specified in board_part file is either invalid or not available
WARNING: [Board 49-26] cannot add Board Part xilinx.com:zcu208:part0:2.0 available at C:/Xilinx/Vivado/2023.1/data/xhub/boards/XilinxBoardStore/boards/Xilinx/zcu208/production/2.0/board.xml as part xczu48dr-fsvg1517-2-e specified in board_part file is either invalid or not available
WARNING: [Board 49-26] cannot add Board Part xilinx.com:zcu208ld:part0:2.0 available at C:/Xilinx/Vivado/2023.1/data/xhub/boards/XilinxBoardStore/boards/Xilinx/zcu208ld/production/2.0/board.xml as part xczu58dr-fsvg1517-2-i specified in board_part file is either invalid or not available
WARNING: [Board 49-26] cannot add Board Part xilinx.com:zcu216:part0:2.0 available at C:/Xilinx/Vivado/2023.1/data/xhub/boards/XilinxBoardStore/boards/Xilinx/zcu216/production/2.0/board.xml as part xczu49dr-ffvf1760-2-e specified in board_part file is either invalid or not available
WARNING: [Board 49-26] cannot add Board Part xilinx.com:zcu216ld:part0:2.0 available at C:/Xilinx/Vivado/2023.1/data/xhub/boards/XilinxBoardStore/boards/Xilinx/zcu216ld/production/2.0/board.xml as part xczu59dr-ffvf1760-2-i specified in board_part file is either invalid or not available
WARNING: [Board 49-26] cannot add Board Part xilinx.com:zcu670:part0:2.0 available at C:/Xilinx/Vivado/2023.1/data/xhub/boards/XilinxBoardStore/boards/Xilinx/zcu670/2.0/board.xml as part xczu67dr-fsve1156-2-i specified in board_part file is either invalid or not available
WARNING: [Board 49-26] cannot add Board Part xilinx.com:zcu670ld:part0:1.0 available at C:/Xilinx/Vivado/2023.1/data/xhub/boards/XilinxBoardStore/boards/Xilinx/zcu670ld/1.0/board.xml as part xczu57dr-fsve1156-2-i specified in board_part file is either invalid or not available
INFO: [filemgmt 56-3] Default IP Output Path : Could not find the directory 'C:/Users/82106/Documents/GitHub/ECE_exp2/week12/text_LCD_2/text_LCD_2_more/text_LCD_2_more/text_LCD_2_more.gen/sources_1'.
Scanning sources...
Finished scanning sources
INFO: [IP_Flow 19-234] Refreshing IP repositories
INFO: [IP_Flow 19-1704] No user IP repositories specified
INFO: [IP_Flow 19-2313] Loaded Vivado IP repository 'C:/Xilinx/Vivado/2023.1/data/ip'.
open_project: Time (s): cpu = 00:00:11 ; elapsed = 00:00:10 . Memory (MB): peak = 1440.078 ; gain = 349.867
update_compile_order -fileset sources_1
synth_design -rtl -rtl_skip_mlo -name rtl_1
Command: synth_design -rtl -rtl_skip_mlo -name rtl_1
Starting synth_design
Using part: xc7s75fgga484-1
Top: text_LCD_2
INFO: [Device 21-403] Loading part xc7s75fgga484-1
---------------------------------------------------------------------------------
Starting RTL Elaboration : Time (s): cpu = 00:00:03 ; elapsed = 00:00:05 . Memory (MB): peak = 2228.699 ; gain = 397.098
---------------------------------------------------------------------------------
INFO: [Synth 8-6157] synthesizing module 'text_LCD_2' [C:/Users/82106/Documents/GitHub/ECE_exp2/week12/text_LCD_2/text_LCD_2_more/text_LCD_2_more/text_LCD_2_more.srcs/sources_1/new/text_LCD_2_more.v:23]
INFO: [Synth 8-6157] synthesizing module 'oneshot_universal' [C:/Users/82106/Documents/GitHub/ECE_exp2/week12/text_LCD_2/text_LCD_2_more/text_LCD_2_more/text_LCD_2_more.srcs/sources_1/new/oneshot_universal.v:23]
	Parameter WIDTH bound to: 12 - type: integer 
INFO: [Synth 8-6155] done synthesizing module 'oneshot_universal' (0#1) [C:/Users/82106/Documents/GitHub/ECE_exp2/week12/text_LCD_2/text_LCD_2_more/text_LCD_2_more/text_LCD_2_more.srcs/sources_1/new/oneshot_universal.v:23]
INFO: [Synth 8-155] case statement is not full and has no default [C:/Users/82106/Documents/GitHub/ECE_exp2/week12/text_LCD_2/text_LCD_2_more/text_LCD_2_more/text_LCD_2_more.srcs/sources_1/new/text_LCD_2_more.v:157]
INFO: [Synth 8-155] case statement is not full and has no default [C:/Users/82106/Documents/GitHub/ECE_exp2/week12/text_LCD_2/text_LCD_2_more/text_LCD_2_more/text_LCD_2_more.srcs/sources_1/new/text_LCD_2_more.v:175]
INFO: [Synth 8-155] case statement is not full and has no default [C:/Users/82106/Documents/GitHub/ECE_exp2/week12/text_LCD_2/text_LCD_2_more/text_LCD_2_more/text_LCD_2_more.srcs/sources_1/new/text_LCD_2_more.v:139]
INFO: [Synth 8-6155] done synthesizing module 'text_LCD_2' (0#1) [C:/Users/82106/Documents/GitHub/ECE_exp2/week12/text_LCD_2/text_LCD_2_more/text_LCD_2_more/text_LCD_2_more.srcs/sources_1/new/text_LCD_2_more.v:23]
---------------------------------------------------------------------------------
Finished RTL Elaboration : Time (s): cpu = 00:00:04 ; elapsed = 00:00:07 . Memory (MB): peak = 2352.234 ; gain = 520.633
---------------------------------------------------------------------------------
---------------------------------------------------------------------------------
Start Handling Custom Attributes
---------------------------------------------------------------------------------
---------------------------------------------------------------------------------
Finished Handling Custom Attributes : Time (s): cpu = 00:00:04 ; elapsed = 00:00:07 . Memory (MB): peak = 2352.234 ; gain = 520.633
---------------------------------------------------------------------------------
---------------------------------------------------------------------------------
Finished RTL Optimization Phase 1 : Time (s): cpu = 00:00:04 ; elapsed = 00:00:07 . Memory (MB): peak = 2352.234 ; gain = 520.633
---------------------------------------------------------------------------------
Netlist sorting complete. Time (s): cpu = 00:00:00 ; elapsed = 00:00:00.002 . Memory (MB): peak = 2352.234 ; gain = 0.000
INFO: [Project 1-570] Preparing netlist for logic optimization

Processing XDC Constraints
Initializing timing engine
Completed Processing XDC Constraints

Netlist sorting complete. Time (s): cpu = 00:00:00 ; elapsed = 00:00:00 . Memory (MB): peak = 2434.238 ; gain = 0.000
INFO: [Project 1-111] Unisim Transformation Summary:
No Unisim elements were transformed.

RTL Elaboration Complete:  : Time (s): cpu = 00:00:07 ; elapsed = 00:00:11 . Memory (MB): peak = 2451.711 ; gain = 620.109
10 Infos, 0 Warnings, 0 Critical Warnings and 0 Errors encountered.
synth_design completed successfully
synth_design: Time (s): cpu = 00:00:10 ; elapsed = 00:00:15 . Memory (MB): peak = 2451.711 ; gain = 983.027
set_property IOSTANDARD LVCMOS33 [get_ports [list LCD_E]]
set_property IOSTANDARD LVCMOS33 [get_ports [list LCD_E]]
set_property IOSTANDARD LVCMOS33 [get_ports [list LCD_RS]]
set_property IOSTANDARD LVCMOS33 [get_ports [list LCD_RW]]
set_property IOSTANDARD LVCMOS33 [get_ports [list clk]]
set_property IOSTANDARD LVCMOS33 [get_ports [list rst]]
set_property IOSTANDARD LVCMOS33 [get_ports [list switch]]
set_property IOSTANDARD LVCMOS33 [get_ports [list {LCD_DATA[7]}]]
set_property IOSTANDARD LVCMOS33 [get_ports [list {LCD_DATA[6]}]]
set_property IOSTANDARD LVCMOS33 [get_ports [list {LCD_DATA[5]}]]
set_property IOSTANDARD LVCMOS33 [get_ports [list {LCD_DATA[4]}]]
set_property IOSTANDARD LVCMOS33 [get_ports [list {LCD_DATA[3]}]]
set_property IOSTANDARD LVCMOS33 [get_ports [list {LCD_DATA[2]}]]
set_property IOSTANDARD LVCMOS33 [get_ports [list {LCD_DATA[1]}]]
set_property IOSTANDARD LVCMOS33 [get_ports [list {LCD_DATA[0]}]]
set_property IOSTANDARD LVCMOS33 [get_ports [list {LED_out[7]}]]
set_property IOSTANDARD LVCMOS33 [get_ports [list {LED_out[6]}]]
set_property IOSTANDARD LVCMOS33 [get_ports [list {LED_out[5]}]]
set_property IOSTANDARD LVCMOS33 [get_ports [list {LED_out[4]}]]
set_property IOSTANDARD LVCMOS33 [get_ports [list {LED_out[3]}]]
set_property IOSTANDARD LVCMOS33 [get_ports [list {LED_out[2]}]]
set_property IOSTANDARD LVCMOS33 [get_ports [list {LED_out[1]}]]
set_property IOSTANDARD LVCMOS33 [get_ports [list {LED_out[0]}]]
set_property IOSTANDARD LVCMOS33 [get_ports [list {control_btn[1]}]]
set_property IOSTANDARD LVCMOS33 [get_ports [list {control_btn[0]}]]
set_property IOSTANDARD LVCMOS33 [get_ports [list {number_btn[9]}]]
set_property IOSTANDARD LVCMOS33 [get_ports [list {number_btn[8]}]]
set_property IOSTANDARD LVCMOS33 [get_ports [list {number_btn[7]}]]
set_property IOSTANDARD LVCMOS33 [get_ports [list {number_btn[6]}]]
set_property IOSTANDARD LVCMOS33 [get_ports [list {number_btn[5]}]]
set_property IOSTANDARD LVCMOS33 [get_ports [list {number_btn[4]}]]
set_property IOSTANDARD LVCMOS33 [get_ports [list {number_btn[3]}]]
set_property IOSTANDARD LVCMOS33 [get_ports [list {number_btn[2]}]]
set_property IOSTANDARD LVCMOS33 [get_ports [list {number_btn[1]}]]
set_property IOSTANDARD LVCMOS33 [get_ports [list {number_btn[0]}]]
place_ports {control_btn[1]} L7
set_property package_pin "" [get_ports [list  {number_btn[9]}]]
place_ports {control_btn[0]} K6
place_ports {number_btn[9]} K4
place_ports {number_btn[8]} N8
place_ports {number_btn[7]} N4
place_ports {number_btn[6]} N1
place_ports {number_btn[5]} P6
place_ports {number_btn[4]} N6
place_ports {number_btn[3]} L5
place_ports {number_btn[2]} J2
place_ports {number_btn[1]} K2
place_ports {number_btn[0]} L1
place_ports {LED_out[7]} L4
place_ports {LED_out[6]} M4
place_ports {LED_out[5]} M2
place_ports {LED_out[4]} N7
set_property package_pin "" [get_ports [list  {LED_out[4]}]]
place_ports {LED_out[4]} N7
place_ports {LED_out[3]} M7
place_ports {LED_out[2]} M3
place_ports {LED_out[1]} M1
place_ports {LED_out[0]} N5
place_ports {LCD_DATA[7]} D1
place_ports {LCD_DATA[6]} C1
place_ports {LCD_DATA[5]} C5
place_ports {LCD_DATA[4]} A2
place_ports {LCD_DATA[3]} D4
place_ports {LCD_DATA[2]} C3
place_ports {LCD_DATA[1]} B2
place_ports {LCD_DATA[0]} A4
place_ports LCD_E A6
place_ports LCD_RS G6
place_ports LCD_RW D6
place_ports clk B6
place_ports rst Y1
place_ports switch W3
file mkdir C:/Users/82106/Documents/GitHub/ECE_exp2/week12/text_LCD_2/text_LCD_2_more/text_LCD_2_more/text_LCD_2_more.srcs/constrs_1/new
close [ open C:/Users/82106/Documents/GitHub/ECE_exp2/week12/text_LCD_2/text_LCD_2_more/text_LCD_2_more/text_LCD_2_more.srcs/constrs_1/new/text.xdc w ]
add_files -fileset constrs_1 C:/Users/82106/Documents/GitHub/ECE_exp2/week12/text_LCD_2/text_LCD_2_more/text_LCD_2_more/text_LCD_2_more.srcs/constrs_1/new/text.xdc
set_property target_constrs_file C:/Users/82106/Documents/GitHub/ECE_exp2/week12/text_LCD_2/text_LCD_2_more/text_LCD_2_more/text_LCD_2_more.srcs/constrs_1/new/text.xdc [current_fileset -constrset]
save_constraints -force
launch_runs impl_1 -jobs 4
[Fri Nov 17 15:11:34 2023] Launched synth_1...
Run output will be captured here: C:/Users/82106/Documents/GitHub/ECE_exp2/week12/text_LCD_2/text_LCD_2_more/text_LCD_2_more/text_LCD_2_more.runs/synth_1/runme.log
[Fri Nov 17 15:11:34 2023] Launched impl_1...
Run output will be captured here: C:/Users/82106/Documents/GitHub/ECE_exp2/week12/text_LCD_2/text_LCD_2_more/text_LCD_2_more/text_LCD_2_more.runs/impl_1/runme.log
launch_runs impl_1 -to_step write_bitstream -jobs 4
[Fri Nov 17 15:17:41 2023] Launched impl_1...
Run output will be captured here: C:/Users/82106/Documents/GitHub/ECE_exp2/week12/text_LCD_2/text_LCD_2_more/text_LCD_2_more/text_LCD_2_more.runs/impl_1/runme.log
exit
INFO: [Common 17-206] Exiting Vivado at Fri Nov 17 15:19:21 2023...
